{"C:\\Roads Authority Application\\RA-_APP-_4\\app\\components\\Button.js": {"path":"C:\\Roads Authority Application\\RA-_APP-_4\\app\\components\\Button.js","statementMap":{"0":{"start":{"line":18,"column":22},"end":{"line":18,"column":38}},"1":{"start":{"line":19,"column":17},"end":{"line":19,"column":67}},"2":{"start":{"line":20,"column":17},"end":{"line":20,"column":34}},"3":{"start":{"line":22,"column":23},"end":{"line":26,"column":12}},"4":{"start":{"line":28,"column":27},"end":{"line":32,"column":12}},"5":{"start":{"line":34,"column":2},"end":{"line":53,"column":4}},"6":{"start":{"line":56,"column":18},"end":{"line":108,"column":4}},"7":{"start":{"line":57,"column":2},"end":{"line":108,"column":4}}},"fnMap":{"0":{"name":"Button","decl":{"start":{"line":5,"column":16},"end":{"line":5,"column":22}},"loc":{"start":{"line":17,"column":3},"end":{"line":54,"column":1}},"line":17},"1":{"name":"(anonymous_1)","decl":{"start":{"line":56,"column":18},"end":{"line":56,"column":19}},"loc":{"start":{"line":57,"column":2},"end":{"line":108,"column":4}},"line":57}},"branchMap":{"0":{"loc":{"start":{"line":8,"column":2},"end":{"line":8,"column":21}},"type":"default-arg","locations":[{"start":{"line":8,"column":12},"end":{"line":8,"column":21}}],"line":8},"1":{"loc":{"start":{"line":9,"column":2},"end":{"line":9,"column":18}},"type":"default-arg","locations":[{"start":{"line":9,"column":13},"end":{"line":9,"column":18}}],"line":9},"2":{"loc":{"start":{"line":10,"column":2},"end":{"line":10,"column":17}},"type":"default-arg","locations":[{"start":{"line":10,"column":12},"end":{"line":10,"column":17}}],"line":10},"3":{"loc":{"start":{"line":14,"column":2},"end":{"line":14,"column":19}},"type":"default-arg","locations":[{"start":{"line":14,"column":15},"end":{"line":14,"column":19}}],"line":14},"4":{"loc":{"start":{"line":19,"column":25},"end":{"line":19,"column":66}},"type":"cond-expr","locations":[{"start":{"line":19,"column":50},"end":{"line":19,"column":56}},{"start":{"line":19,"column":59},"end":{"line":19,"column":66}}],"line":19},"5":{"loc":{"start":{"line":37,"column":16},"end":{"line":37,"column":35}},"type":"binary-expr","locations":[{"start":{"line":37,"column":16},"end":{"line":37,"column":24}},{"start":{"line":37,"column":28},"end":{"line":37,"column":35}}],"line":37},"6":{"loc":{"start":{"line":39,"column":35},"end":{"line":39,"column":62}},"type":"binary-expr","locations":[{"start":{"line":39,"column":35},"end":{"line":39,"column":43}},{"start":{"line":39,"column":47},"end":{"line":39,"column":62}}],"line":39},"7":{"loc":{"start":{"line":45,"column":38},"end":{"line":45,"column":57}},"type":"binary-expr","locations":[{"start":{"line":45,"column":38},"end":{"line":45,"column":46}},{"start":{"line":45,"column":50},"end":{"line":45,"column":57}}],"line":45},"8":{"loc":{"start":{"line":48,"column":9},"end":{"line":48,"column":65}},"type":"binary-expr","locations":[{"start":{"line":48,"column":9},"end":{"line":48,"column":13}},{"start":{"line":48,"column":17},"end":{"line":48,"column":65}}],"line":48},"9":{"loc":{"start":{"line":49,"column":9},"end":{"line":49,"column":87}},"type":"binary-expr","locations":[{"start":{"line":49,"column":9},"end":{"line":49,"column":17}},{"start":{"line":49,"column":21},"end":{"line":49,"column":87}}],"line":49},"10":{"loc":{"start":{"line":50,"column":9},"end":{"line":50,"column":89}},"type":"binary-expr","locations":[{"start":{"line":50,"column":9},"end":{"line":50,"column":16}},{"start":{"line":50,"column":20},"end":{"line":50,"column":89}}],"line":50}},"s":{"0":10,"1":10,"2":10,"3":10,"4":10,"5":10,"6":2,"7":10},"f":{"0":10,"1":10},"b":{"0":[5],"1":[9],"2":[9],"3":[10],"4":[0,10],"5":[10,9],"6":[10,1],"7":[10,9],"8":[10,0],"9":[10,9],"10":[10,1]},"_coverageSchema":"1a1c01bbd47fc00a2c39e90264f33305004495a9","hash":"262123661bc3e754a73dafb4b86aeedd204fe5ba"}
,"C:\\Roads Authority Application\\RA-_APP-_4\\app\\components\\Card.js": {"path":"C:\\Roads Authority Application\\RA-_APP-_4\\app\\components\\Card.js","statementMap":{"0":{"start":{"line":15,"column":22},"end":{"line":15,"column":38}},"1":{"start":{"line":16,"column":17},"end":{"line":16,"column":67}},"2":{"start":{"line":17,"column":17},"end":{"line":17,"column":34}},"3":{"start":{"line":19,"column":2},"end":{"line":33,"column":3}},"4":{"start":{"line":20,"column":4},"end":{"line":32,"column":6}},"5":{"start":{"line":35,"column":2},"end":{"line":44,"column":4}},"6":{"start":{"line":47,"column":18},"end":{"line":59,"column":2}},"7":{"start":{"line":47,"column":30},"end":{"line":59,"column":2}}},"fnMap":{"0":{"name":"Card","decl":{"start":{"line":5,"column":16},"end":{"line":5,"column":20}},"loc":{"start":{"line":14,"column":3},"end":{"line":45,"column":1}},"line":14},"1":{"name":"(anonymous_1)","decl":{"start":{"line":47,"column":18},"end":{"line":47,"column":19}},"loc":{"start":{"line":47,"column":30},"end":{"line":59,"column":2}},"line":47}},"branchMap":{"0":{"loc":{"start":{"line":9,"column":2},"end":{"line":9,"column":21}},"type":"default-arg","locations":[{"start":{"line":9,"column":18},"end":{"line":9,"column":21}}],"line":9},"1":{"loc":{"start":{"line":11,"column":2},"end":{"line":11,"column":19}},"type":"default-arg","locations":[{"start":{"line":11,"column":15},"end":{"line":11,"column":19}}],"line":11},"2":{"loc":{"start":{"line":13,"column":2},"end":{"line":13,"column":30}},"type":"default-arg","locations":[{"start":{"line":13,"column":22},"end":{"line":13,"column":30}}],"line":13},"3":{"loc":{"start":{"line":16,"column":25},"end":{"line":16,"column":66}},"type":"cond-expr","locations":[{"start":{"line":16,"column":50},"end":{"line":16,"column":56}},{"start":{"line":16,"column":59},"end":{"line":16,"column":66}}],"line":16},"4":{"loc":{"start":{"line":19,"column":2},"end":{"line":33,"column":3}},"type":"if","locations":[{"start":{"line":19,"column":2},"end":{"line":33,"column":3}},{"start":{},"end":{}}],"line":19}},"s":{"0":0,"1":0,"2":0,"3":0,"4":0,"5":0,"6":0,"7":0},"f":{"0":0,"1":0},"b":{"0":[0],"1":[0],"2":[0],"3":[0,0],"4":[0,0]}}
,"C:\\Roads Authority Application\\RA-_APP-_4\\app\\components\\EmptyState.js": {"path":"C:\\Roads Authority Application\\RA-_APP-_4\\app\\components\\EmptyState.js","statementMap":{"0":{"start":{"line":12,"column":22},"end":{"line":12,"column":38}},"1":{"start":{"line":13,"column":17},"end":{"line":13,"column":67}},"2":{"start":{"line":14,"column":17},"end":{"line":14,"column":34}},"3":{"start":{"line":16,"column":2},"end":{"line":27,"column":4}},"4":{"start":{"line":30,"column":18},"end":{"line":44,"column":4}},"5":{"start":{"line":31,"column":2},"end":{"line":44,"column":4}}},"fnMap":{"0":{"name":"EmptyState","decl":{"start":{"line":6,"column":16},"end":{"line":6,"column":26}},"loc":{"start":{"line":11,"column":3},"end":{"line":28,"column":1}},"line":11},"1":{"name":"(anonymous_1)","decl":{"start":{"line":30,"column":18},"end":{"line":30,"column":19}},"loc":{"start":{"line":31,"column":2},"end":{"line":44,"column":4}},"line":31}},"branchMap":{"0":{"loc":{"start":{"line":7,"column":2},"end":{"line":7,"column":28}},"type":"default-arg","locations":[{"start":{"line":7,"column":12},"end":{"line":7,"column":28}}],"line":7},"1":{"loc":{"start":{"line":8,"column":2},"end":{"line":8,"column":24}},"type":"default-arg","locations":[{"start":{"line":8,"column":9},"end":{"line":8,"column":24}}],"line":8},"2":{"loc":{"start":{"line":13,"column":25},"end":{"line":13,"column":66}},"type":"cond-expr","locations":[{"start":{"line":13,"column":50},"end":{"line":13,"column":56}},{"start":{"line":13,"column":59},"end":{"line":13,"column":66}}],"line":13},"3":{"loc":{"start":{"line":21,"column":26},"end":{"line":21,"column":55}},"type":"binary-expr","locations":[{"start":{"line":21,"column":26},"end":{"line":21,"column":44}},{"start":{"line":21,"column":48},"end":{"line":21,"column":55}}],"line":21}},"s":{"0":0,"1":0,"2":0,"3":0,"4":0,"5":0},"f":{"0":0,"1":0},"b":{"0":[0],"1":[0],"2":[0,0],"3":[0,0]}}
,"C:\\Roads Authority Application\\RA-_APP-_4\\app\\components\\ErrorBoundary.js": {"path":"C:\\Roads Authority Application\\RA-_APP-_4\\app\\components\\ErrorBoundary.js","statementMap":{"0":{"start":{"line":7,"column":4},"end":{"line":7,"column":17}},"1":{"start":{"line":8,"column":4},"end":{"line":8,"column":50}},"2":{"start":{"line":12,"column":4},"end":{"line":12,"column":37}},"3":{"start":{"line":16,"column":4},"end":{"line":16,"column":61}},"4":{"start":{"line":19,"column":15},"end":{"line":21,"column":3}},"5":{"start":{"line":20,"column":4},"end":{"line":20,"column":52}},"6":{"start":{"line":24,"column":4},"end":{"line":31,"column":5}},"7":{"start":{"line":25,"column":6},"end":{"line":30,"column":8}},"8":{"start":{"line":33,"column":4},"end":{"line":33,"column":31}},"9":{"start":{"line":38,"column":22},"end":{"line":38,"column":51}},"10":{"start":{"line":39,"column":17},"end":{"line":39,"column":67}},"11":{"start":{"line":40,"column":17},"end":{"line":40,"column":34}},"12":{"start":{"line":42,"column":2},"end":{"line":52,"column":4}},"13":{"start":{"line":55,"column":18},"end":{"line":89,"column":4}},"14":{"start":{"line":56,"column":2},"end":{"line":89,"column":4}}},"fnMap":{"0":{"name":"(anonymous_0)","decl":{"start":{"line":6,"column":2},"end":{"line":6,"column":3}},"loc":{"start":{"line":6,"column":21},"end":{"line":9,"column":3}},"line":6},"1":{"name":"(anonymous_1)","decl":{"start":{"line":11,"column":2},"end":{"line":11,"column":3}},"loc":{"start":{"line":11,"column":41},"end":{"line":13,"column":3}},"line":11},"2":{"name":"(anonymous_2)","decl":{"start":{"line":15,"column":2},"end":{"line":15,"column":3}},"loc":{"start":{"line":15,"column":38},"end":{"line":17,"column":3}},"line":15},"3":{"name":"(anonymous_3)","decl":{"start":{"line":19,"column":15},"end":{"line":19,"column":16}},"loc":{"start":{"line":19,"column":21},"end":{"line":21,"column":3}},"line":19},"4":{"name":"(anonymous_4)","decl":{"start":{"line":23,"column":2},"end":{"line":23,"column":3}},"loc":{"start":{"line":23,"column":11},"end":{"line":34,"column":3}},"line":23},"5":{"name":"ErrorFallback","decl":{"start":{"line":37,"column":9},"end":{"line":37,"column":22}},"loc":{"start":{"line":37,"column":43},"end":{"line":53,"column":1}},"line":37},"6":{"name":"(anonymous_6)","decl":{"start":{"line":55,"column":18},"end":{"line":55,"column":19}},"loc":{"start":{"line":56,"column":2},"end":{"line":89,"column":4}},"line":56}},"branchMap":{"0":{"loc":{"start":{"line":24,"column":4},"end":{"line":31,"column":5}},"type":"if","locations":[{"start":{"line":24,"column":4},"end":{"line":31,"column":5}},{"start":{},"end":{}}],"line":24},"1":{"loc":{"start":{"line":38,"column":22},"end":{"line":38,"column":51}},"type":"binary-expr","locations":[{"start":{"line":38,"column":22},"end":{"line":38,"column":40}},{"start":{"line":38,"column":44},"end":{"line":38,"column":51}}],"line":38},"2":{"loc":{"start":{"line":39,"column":25},"end":{"line":39,"column":66}},"type":"cond-expr","locations":[{"start":{"line":39,"column":50},"end":{"line":39,"column":56}},{"start":{"line":39,"column":59},"end":{"line":39,"column":66}}],"line":39},"3":{"loc":{"start":{"line":46,"column":9},"end":{"line":46,"column":57}},"type":"binary-expr","locations":[{"start":{"line":46,"column":9},"end":{"line":46,"column":23}},{"start":{"line":46,"column":27},"end":{"line":46,"column":57}}],"line":46}},"s":{"0":0,"1":0,"2":0,"3":0,"4":0,"5":0,"6":0,"7":0,"8":0,"9":0,"10":0,"11":0,"12":0,"13":0,"14":0},"f":{"0":0,"1":0,"2":0,"3":0,"4":0,"5":0,"6":0},"b":{"0":[0,0],"1":[0,0],"2":[0,0],"3":[0,0]}}
,"C:\\Roads Authority Application\\RA-_APP-_4\\app\\components\\ErrorState.js": {"path":"C:\\Roads Authority Application\\RA-_APP-_4\\app\\components\\ErrorState.js","statementMap":{"0":{"start":{"line":14,"column":22},"end":{"line":14,"column":38}},"1":{"start":{"line":15,"column":17},"end":{"line":15,"column":67}},"2":{"start":{"line":16,"column":17},"end":{"line":16,"column":34}},"3":{"start":{"line":19,"column":4},"end":{"line":30,"column":11}},"4":{"start":{"line":33,"column":2},"end":{"line":39,"column":3}},"5":{"start":{"line":34,"column":4},"end":{"line":38,"column":6}},"6":{"start":{"line":41,"column":2},"end":{"line":45,"column":4}},"7":{"start":{"line":48,"column":18},"end":{"line":77,"column":4}},"8":{"start":{"line":49,"column":2},"end":{"line":77,"column":4}}},"fnMap":{"0":{"name":"ErrorState","decl":{"start":{"line":7,"column":16},"end":{"line":7,"column":26}},"loc":{"start":{"line":13,"column":3},"end":{"line":46,"column":1}},"line":13},"1":{"name":"(anonymous_1)","decl":{"start":{"line":48,"column":18},"end":{"line":48,"column":19}},"loc":{"start":{"line":49,"column":2},"end":{"line":77,"column":4}},"line":49}},"branchMap":{"0":{"loc":{"start":{"line":8,"column":2},"end":{"line":8,"column":34}},"type":"default-arg","locations":[{"start":{"line":8,"column":12},"end":{"line":8,"column":34}}],"line":8},"1":{"loc":{"start":{"line":10,"column":2},"end":{"line":10,"column":23}},"type":"default-arg","locations":[{"start":{"line":10,"column":9},"end":{"line":10,"column":23}}],"line":10},"2":{"loc":{"start":{"line":12,"column":2},"end":{"line":12,"column":20}},"type":"default-arg","locations":[{"start":{"line":12,"column":15},"end":{"line":12,"column":20}}],"line":12},"3":{"loc":{"start":{"line":15,"column":25},"end":{"line":15,"column":66}},"type":"cond-expr","locations":[{"start":{"line":15,"column":50},"end":{"line":15,"column":56}},{"start":{"line":15,"column":59},"end":{"line":15,"column":66}}],"line":15},"4":{"loc":{"start":{"line":22,"column":7},"end":{"line":29,"column":7}},"type":"binary-expr","locations":[{"start":{"line":22,"column":7},"end":{"line":22,"column":14}},{"start":{"line":23,"column":8},"end":{"line":28,"column":10}}],"line":22},"5":{"loc":{"start":{"line":33,"column":2},"end":{"line":39,"column":3}},"type":"if","locations":[{"start":{"line":33,"column":2},"end":{"line":39,"column":3}},{"start":{},"end":{}}],"line":33}},"s":{"0":4,"1":4,"2":4,"3":4,"4":4,"5":0,"6":4,"7":1,"8":4},"f":{"0":4,"1":4},"b":{"0":[0],"1":[4],"2":[4],"3":[0,4],"4":[4,2],"5":[0,4]},"_coverageSchema":"1a1c01bbd47fc00a2c39e90264f33305004495a9","hash":"c574bb7ae8be31016c7b303653b01c6aa066202b"}
,"C:\\Roads Authority Application\\RA-_APP-_4\\app\\components\\FilterChip.js": {"path":"C:\\Roads Authority Application\\RA-_APP-_4\\app\\components\\FilterChip.js","statementMap":{"0":{"start":{"line":13,"column":22},"end":{"line":13,"column":38}},"1":{"start":{"line":14,"column":17},"end":{"line":14,"column":67}},"2":{"start":{"line":15,"column":17},"end":{"line":15,"column":34}},"3":{"start":{"line":17,"column":2},"end":{"line":32,"column":4}},"4":{"start":{"line":35,"column":18},"end":{"line":58,"column":4}},"5":{"start":{"line":36,"column":2},"end":{"line":58,"column":4}}},"fnMap":{"0":{"name":"FilterChip","decl":{"start":{"line":5,"column":16},"end":{"line":5,"column":26}},"loc":{"start":{"line":12,"column":3},"end":{"line":33,"column":1}},"line":12},"1":{"name":"(anonymous_1)","decl":{"start":{"line":35,"column":18},"end":{"line":35,"column":19}},"loc":{"start":{"line":36,"column":2},"end":{"line":58,"column":4}},"line":36}},"branchMap":{"0":{"loc":{"start":{"line":7,"column":2},"end":{"line":7,"column":18}},"type":"default-arg","locations":[{"start":{"line":7,"column":13},"end":{"line":7,"column":18}}],"line":7},"1":{"loc":{"start":{"line":10,"column":2},"end":{"line":10,"column":19}},"type":"default-arg","locations":[{"start":{"line":10,"column":15},"end":{"line":10,"column":19}}],"line":10},"2":{"loc":{"start":{"line":14,"column":25},"end":{"line":14,"column":66}},"type":"cond-expr","locations":[{"start":{"line":14,"column":50},"end":{"line":14,"column":56}},{"start":{"line":14,"column":59},"end":{"line":14,"column":66}}],"line":14},"3":{"loc":{"start":{"line":19,"column":27},"end":{"line":19,"column":58}},"type":"binary-expr","locations":[{"start":{"line":19,"column":27},"end":{"line":19,"column":35}},{"start":{"line":19,"column":39},"end":{"line":19,"column":58}}],"line":19},"4":{"loc":{"start":{"line":24,"column":26},"end":{"line":24,"column":66}},"type":"binary-expr","locations":[{"start":{"line":24,"column":26},"end":{"line":24,"column":44}},{"start":{"line":24,"column":48},"end":{"line":24,"column":66}}],"line":24},"5":{"loc":{"start":{"line":28,"column":37},"end":{"line":28,"column":72}},"type":"binary-expr","locations":[{"start":{"line":28,"column":37},"end":{"line":28,"column":45}},{"start":{"line":28,"column":49},"end":{"line":28,"column":72}}],"line":28}},"s":{"0":5,"1":5,"2":5,"3":5,"4":1,"5":5},"f":{"0":5,"1":5},"b":{"0":[0],"1":[5],"2":[0,5],"3":[5,1],"4":[5,4],"5":[5,1]},"_coverageSchema":"1a1c01bbd47fc00a2c39e90264f33305004495a9","hash":"70b2bcc5ae0492f7fd8f5851b4e8215f3f15c1b2"}
,"C:\\Roads Authority Application\\RA-_APP-_4\\app\\components\\Header.js": {"path":"C:\\Roads Authority Application\\RA-_APP-_4\\app\\components\\Header.js","statementMap":{"0":{"start":{"line":16,"column":22},"end":{"line":16,"column":38}},"1":{"start":{"line":17,"column":17},"end":{"line":17,"column":67}},"2":{"start":{"line":18,"column":17},"end":{"line":18,"column":34}},"3":{"start":{"line":21,"column":4},"end":{"line":37,"column":11}},"4":{"start":{"line":40,"column":2},"end":{"line":50,"column":3}},"5":{"start":{"line":41,"column":4},"end":{"line":49,"column":6}},"6":{"start":{"line":52,"column":2},"end":{"line":56,"column":4}},"7":{"start":{"line":59,"column":18},"end":{"line":98,"column":4}},"8":{"start":{"line":60,"column":2},"end":{"line":98,"column":4}}},"fnMap":{"0":{"name":"Header","decl":{"start":{"line":7,"column":16},"end":{"line":7,"column":22}},"loc":{"start":{"line":15,"column":3},"end":{"line":57,"column":1}},"line":15},"1":{"name":"(anonymous_1)","decl":{"start":{"line":59,"column":18},"end":{"line":59,"column":19}},"loc":{"start":{"line":60,"column":2},"end":{"line":98,"column":4}},"line":60}},"branchMap":{"0":{"loc":{"start":{"line":12,"column":2},"end":{"line":12,"column":17}},"type":"default-arg","locations":[{"start":{"line":12,"column":13},"end":{"line":12,"column":17}}],"line":12},"1":{"loc":{"start":{"line":17,"column":25},"end":{"line":17,"column":66}},"type":"cond-expr","locations":[{"start":{"line":17,"column":50},"end":{"line":17,"column":56}},{"start":{"line":17,"column":59},"end":{"line":17,"column":66}}],"line":17},"2":{"loc":{"start":{"line":23,"column":9},"end":{"line":23,"column":59}},"type":"binary-expr","locations":[{"start":{"line":23,"column":9},"end":{"line":23,"column":14}},{"start":{"line":23,"column":18},"end":{"line":23,"column":59}}],"line":23},"3":{"loc":{"start":{"line":24,"column":9},"end":{"line":24,"column":68}},"type":"binary-expr","locations":[{"start":{"line":24,"column":9},"end":{"line":24,"column":17}},{"start":{"line":24,"column":21},"end":{"line":24,"column":68}}],"line":24},"4":{"loc":{"start":{"line":26,"column":7},"end":{"line":36,"column":7}},"type":"binary-expr","locations":[{"start":{"line":26,"column":7},"end":{"line":26,"column":11}},{"start":{"line":27,"column":8},"end":{"line":35,"column":27}}],"line":26},"5":{"loc":{"start":{"line":40,"column":2},"end":{"line":50,"column":3}},"type":"if","locations":[{"start":{"line":40,"column":2},"end":{"line":50,"column":3}},{"start":{},"end":{}}],"line":40}},"s":{"0":0,"1":0,"2":0,"3":0,"4":0,"5":0,"6":0,"7":0,"8":0},"f":{"0":0,"1":0},"b":{"0":[0],"1":[0,0],"2":[0,0],"3":[0,0],"4":[0,0],"5":[0,0]}}
,"C:\\Roads Authority Application\\RA-_APP-_4\\app\\components\\LazyImage.js": {"path":"C:\\Roads Authority Application\\RA-_APP-_4\\app\\components\\LazyImage.js","statementMap":{"0":{"start":{"line":13,"column":32},"end":{"line":13,"column":46}},"1":{"start":{"line":14,"column":28},"end":{"line":14,"column":43}},"2":{"start":{"line":15,"column":22},"end":{"line":15,"column":38}},"3":{"start":{"line":16,"column":17},"end":{"line":16,"column":67}},"4":{"start":{"line":17,"column":17},"end":{"line":17,"column":34}},"5":{"start":{"line":19,"column":26},"end":{"line":19,"column":48}},"6":{"start":{"line":19,"column":32},"end":{"line":19,"column":48}},"7":{"start":{"line":20,"column":24},"end":{"line":20,"column":47}},"8":{"start":{"line":20,"column":30},"end":{"line":20,"column":47}},"9":{"start":{"line":21,"column":22},"end":{"line":24,"column":3}},"10":{"start":{"line":22,"column":4},"end":{"line":22,"column":22}},"11":{"start":{"line":23,"column":4},"end":{"line":23,"column":19}},"12":{"start":{"line":26,"column":2},"end":{"line":32,"column":3}},"13":{"start":{"line":27,"column":4},"end":{"line":31,"column":6}},"14":{"start":{"line":34,"column":2},"end":{"line":53,"column":4}},"15":{"start":{"line":56,"column":18},"end":{"line":75,"column":4}},"16":{"start":{"line":57,"column":2},"end":{"line":75,"column":4}}},"fnMap":{"0":{"name":"LazyImage","decl":{"start":{"line":5,"column":16},"end":{"line":5,"column":25}},"loc":{"start":{"line":12,"column":3},"end":{"line":54,"column":1}},"line":12},"1":{"name":"(anonymous_1)","decl":{"start":{"line":19,"column":26},"end":{"line":19,"column":27}},"loc":{"start":{"line":19,"column":32},"end":{"line":19,"column":48}},"line":19},"2":{"name":"(anonymous_2)","decl":{"start":{"line":20,"column":24},"end":{"line":20,"column":25}},"loc":{"start":{"line":20,"column":30},"end":{"line":20,"column":47}},"line":20},"3":{"name":"(anonymous_3)","decl":{"start":{"line":21,"column":22},"end":{"line":21,"column":23}},"loc":{"start":{"line":21,"column":28},"end":{"line":24,"column":3}},"line":21},"4":{"name":"(anonymous_4)","decl":{"start":{"line":56,"column":18},"end":{"line":56,"column":19}},"loc":{"start":{"line":57,"column":2},"end":{"line":75,"column":4}},"line":57}},"branchMap":{"0":{"loc":{"start":{"line":8,"column":2},"end":{"line":8,"column":24}},"type":"default-arg","locations":[{"start":{"line":8,"column":15},"end":{"line":8,"column":24}}],"line":8},"1":{"loc":{"start":{"line":10,"column":2},"end":{"line":10,"column":19}},"type":"default-arg","locations":[{"start":{"line":10,"column":15},"end":{"line":10,"column":19}}],"line":10},"2":{"loc":{"start":{"line":16,"column":25},"end":{"line":16,"column":66}},"type":"cond-expr","locations":[{"start":{"line":16,"column":50},"end":{"line":16,"column":56}},{"start":{"line":16,"column":59},"end":{"line":16,"column":66}}],"line":16},"3":{"loc":{"start":{"line":26,"column":2},"end":{"line":32,"column":3}},"type":"if","locations":[{"start":{"line":26,"column":2},"end":{"line":32,"column":3}},{"start":{},"end":{}}],"line":26},"4":{"loc":{"start":{"line":47,"column":7},"end":{"line":51,"column":7}},"type":"binary-expr","locations":[{"start":{"line":47,"column":7},"end":{"line":47,"column":14}},{"start":{"line":48,"column":8},"end":{"line":50,"column":15}}],"line":47}},"s":{"0":0,"1":0,"2":0,"3":0,"4":0,"5":0,"6":0,"7":0,"8":0,"9":0,"10":0,"11":0,"12":0,"13":0,"14":0,"15":0,"16":0},"f":{"0":0,"1":0,"2":0,"3":0,"4":0},"b":{"0":[0],"1":[0],"2":[0,0],"3":[0,0],"4":[0,0]}}
,"C:\\Roads Authority Application\\RA-_APP-_4\\app\\components\\LoadingSpinner.js": {"path":"C:\\Roads Authority Application\\RA-_APP-_4\\app\\components\\LoadingSpinner.js","statementMap":{"0":{"start":{"line":11,"column":22},"end":{"line":11,"column":38}},"1":{"start":{"line":12,"column":17},"end":{"line":12,"column":67}},"2":{"start":{"line":13,"column":17},"end":{"line":13,"column":34}},"3":{"start":{"line":16,"column":4},"end":{"line":26,"column":11}},"4":{"start":{"line":29,"column":2},"end":{"line":35,"column":3}},"5":{"start":{"line":30,"column":4},"end":{"line":34,"column":6}},"6":{"start":{"line":37,"column":2},"end":{"line":37,"column":17}},"7":{"start":{"line":40,"column":18},"end":{"line":59,"column":4}},"8":{"start":{"line":41,"column":2},"end":{"line":59,"column":4}}},"fnMap":{"0":{"name":"LoadingSpinner","decl":{"start":{"line":5,"column":16},"end":{"line":5,"column":30}},"loc":{"start":{"line":10,"column":3},"end":{"line":38,"column":1}},"line":10},"1":{"name":"(anonymous_1)","decl":{"start":{"line":40,"column":18},"end":{"line":40,"column":19}},"loc":{"start":{"line":41,"column":2},"end":{"line":59,"column":4}},"line":41}},"branchMap":{"0":{"loc":{"start":{"line":6,"column":2},"end":{"line":6,"column":16}},"type":"default-arg","locations":[{"start":{"line":6,"column":9},"end":{"line":6,"column":16}}],"line":6},"1":{"loc":{"start":{"line":8,"column":2},"end":{"line":8,"column":20}},"type":"default-arg","locations":[{"start":{"line":8,"column":15},"end":{"line":8,"column":20}}],"line":8},"2":{"loc":{"start":{"line":12,"column":25},"end":{"line":12,"column":66}},"type":"cond-expr","locations":[{"start":{"line":12,"column":50},"end":{"line":12,"column":56}},{"start":{"line":12,"column":59},"end":{"line":12,"column":66}}],"line":12},"3":{"loc":{"start":{"line":25,"column":7},"end":{"line":25,"column":63}},"type":"binary-expr","locations":[{"start":{"line":25,"column":7},"end":{"line":25,"column":14}},{"start":{"line":25,"column":18},"end":{"line":25,"column":63}}],"line":25},"4":{"loc":{"start":{"line":29,"column":2},"end":{"line":35,"column":3}},"type":"if","locations":[{"start":{"line":29,"column":2},"end":{"line":35,"column":3}},{"start":{},"end":{}}],"line":29}},"s":{"0":8,"1":8,"2":8,"3":8,"4":0,"5":0,"6":0,"7":1,"8":8},"f":{"0":8,"1":8},"b":{"0":[6],"1":[8],"2":[0,8],"3":[0,0],"4":[0,0]},"_coverageSchema":"1a1c01bbd47fc00a2c39e90264f33305004495a9","hash":"6740fba62f4d529104c1098d64b23d93d883333c"}
,"C:\\Roads Authority Application\\RA-_APP-_4\\app\\components\\NewsCardSkeleton.js": {"path":"C:\\Roads Authority Application\\RA-_APP-_4\\app\\components\\NewsCardSkeleton.js","statementMap":{"0":{"start":{"line":6,"column":22},"end":{"line":6,"column":38}},"1":{"start":{"line":7,"column":17},"end":{"line":7,"column":67}},"2":{"start":{"line":8,"column":17},"end":{"line":8,"column":34}},"3":{"start":{"line":9,"column":24},"end":{"line":9,"column":61}},"4":{"start":{"line":11,"column":2},"end":{"line":26,"column":22}},"5":{"start":{"line":12,"column":4},"end":{"line":25,"column":14}},"6":{"start":{"line":28,"column":18},"end":{"line":31,"column":4}},"7":{"start":{"line":33,"column":2},"end":{"line":45,"column":4}},"8":{"start":{"line":48,"column":18},"end":{"line":113,"column":4}},"9":{"start":{"line":49,"column":2},"end":{"line":113,"column":4}}},"fnMap":{"0":{"name":"NewsCardSkeleton","decl":{"start":{"line":5,"column":16},"end":{"line":5,"column":32}},"loc":{"start":{"line":5,"column":35},"end":{"line":46,"column":1}},"line":5},"1":{"name":"(anonymous_1)","decl":{"start":{"line":11,"column":12},"end":{"line":11,"column":13}},"loc":{"start":{"line":11,"column":18},"end":{"line":26,"column":3}},"line":11},"2":{"name":"(anonymous_2)","decl":{"start":{"line":48,"column":18},"end":{"line":48,"column":19}},"loc":{"start":{"line":49,"column":2},"end":{"line":113,"column":4}},"line":49}},"branchMap":{"0":{"loc":{"start":{"line":7,"column":25},"end":{"line":7,"column":66}},"type":"cond-expr","locations":[{"start":{"line":7,"column":50},"end":{"line":7,"column":56}},{"start":{"line":7,"column":59},"end":{"line":7,"column":66}}],"line":7}},"s":{"0":0,"1":0,"2":0,"3":0,"4":0,"5":0,"6":0,"7":0,"8":0,"9":0},"f":{"0":0,"1":0,"2":0},"b":{"0":[0,0]}}
,"C:\\Roads Authority Application\\RA-_APP-_4\\app\\components\\SearchInput.js": {"path":"C:\\Roads Authority Application\\RA-_APP-_4\\app\\components\\SearchInput.js","statementMap":{"0":{"start":{"line":17,"column":28},"end":{"line":17,"column":46}},"1":{"start":{"line":18,"column":25},"end":{"line":18,"column":58}},"2":{"start":{"line":19,"column":22},"end":{"line":19,"column":38}},"3":{"start":{"line":20,"column":17},"end":{"line":20,"column":67}},"4":{"start":{"line":21,"column":17},"end":{"line":21,"column":34}},"5":{"start":{"line":23,"column":2},"end":{"line":27,"column":33}},"6":{"start":{"line":24,"column":4},"end":{"line":26,"column":5}},"7":{"start":{"line":25,"column":6},"end":{"line":25,"column":31}},"8":{"start":{"line":29,"column":22},"end":{"line":34,"column":3}},"9":{"start":{"line":30,"column":4},"end":{"line":30,"column":17}},"10":{"start":{"line":31,"column":4},"end":{"line":33,"column":5}},"11":{"start":{"line":32,"column":6},"end":{"line":32,"column":16}},"12":{"start":{"line":36,"column":2},"end":{"line":63,"column":4}},"13":{"start":{"line":66,"column":18},"end":{"line":92,"column":4}},"14":{"start":{"line":67,"column":2},"end":{"line":92,"column":4}}},"fnMap":{"0":{"name":"SearchInput","decl":{"start":{"line":7,"column":16},"end":{"line":7,"column":27}},"loc":{"start":{"line":16,"column":3},"end":{"line":64,"column":1}},"line":16},"1":{"name":"(anonymous_1)","decl":{"start":{"line":23,"column":18},"end":{"line":23,"column":19}},"loc":{"start":{"line":23,"column":24},"end":{"line":27,"column":3}},"line":23},"2":{"name":"(anonymous_2)","decl":{"start":{"line":29,"column":22},"end":{"line":29,"column":23}},"loc":{"start":{"line":29,"column":28},"end":{"line":34,"column":3}},"line":29},"3":{"name":"(anonymous_3)","decl":{"start":{"line":66,"column":18},"end":{"line":66,"column":19}},"loc":{"start":{"line":67,"column":2},"end":{"line":92,"column":4}},"line":67}},"branchMap":{"0":{"loc":{"start":{"line":8,"column":2},"end":{"line":8,"column":27}},"type":"default-arg","locations":[{"start":{"line":8,"column":16},"end":{"line":8,"column":27}}],"line":8},"1":{"loc":{"start":{"line":11,"column":2},"end":{"line":11,"column":21}},"type":"default-arg","locations":[{"start":{"line":11,"column":18},"end":{"line":11,"column":21}}],"line":11},"2":{"loc":{"start":{"line":20,"column":25},"end":{"line":20,"column":66}},"type":"cond-expr","locations":[{"start":{"line":20,"column":50},"end":{"line":20,"column":56}},{"start":{"line":20,"column":59},"end":{"line":20,"column":66}}],"line":20},"3":{"loc":{"start":{"line":24,"column":4},"end":{"line":26,"column":5}},"type":"if","locations":[{"start":{"line":24,"column":4},"end":{"line":26,"column":5}},{"start":{},"end":{}}],"line":24},"4":{"loc":{"start":{"line":31,"column":4},"end":{"line":33,"column":5}},"type":"if","locations":[{"start":{"line":31,"column":4},"end":{"line":33,"column":5}},{"start":{},"end":{}}],"line":31},"5":{"loc":{"start":{"line":51,"column":7},"end":{"line":61,"column":7}},"type":"binary-expr","locations":[{"start":{"line":51,"column":7},"end":{"line":51,"column":12}},{"start":{"line":51,"column":16},"end":{"line":51,"column":32}},{"start":{"line":52,"column":8},"end":{"line":60,"column":27}}],"line":51}},"s":{"0":6,"1":6,"2":6,"3":6,"4":6,"5":6,"6":4,"7":4,"8":6,"9":0,"10":0,"11":0,"12":6,"13":1,"14":6},"f":{"0":6,"1":4,"2":0,"3":6},"b":{"0":[0],"1":[6],"2":[0,6],"3":[4,0],"4":[0,0],"5":[6,2,2]},"_coverageSchema":"1a1c01bbd47fc00a2c39e90264f33305004495a9","hash":"c9be898dd2faf48b65002db10bd76029eab8283d"}
,"C:\\Roads Authority Application\\RA-_APP-_4\\app\\components\\index.js": {"path":"C:\\Roads Authority Application\\RA-_APP-_4\\app\\components\\index.js","statementMap":{},"fnMap":{},"branchMap":{},"s":{},"f":{},"b":{}}
,"C:\\Roads Authority Application\\RA-_APP-_4\\app\\hooks\\index.js": {"path":"C:\\Roads Authority Application\\RA-_APP-_4\\app\\hooks\\index.js","statementMap":{},"fnMap":{},"branchMap":{},"s":{},"f":{},"b":{}}
,"C:\\Roads Authority Application\\RA-_APP-_4\\app\\hooks\\useApi.js": {"path":"C:\\Roads Authority Application\\RA-_APP-_4\\app\\hooks\\useApi.js","statementMap":{"0":{"start":{"line":6,"column":48},"end":{"line":6,"column":55}},"1":{"start":{"line":7,"column":26},"end":{"line":7,"column":40}},"2":{"start":{"line":8,"column":32},"end":{"line":8,"column":47}},"3":{"start":{"line":9,"column":28},"end":{"line":9,"column":42}},"4":{"start":{"line":10,"column":23},"end":{"line":10,"column":47}},"5":{"start":{"line":12,"column":18},"end":{"line":44,"column":3}},"6":{"start":{"line":14,"column":6},"end":{"line":41,"column":7}},"7":{"start":{"line":15,"column":8},"end":{"line":15,"column":25}},"8":{"start":{"line":16,"column":8},"end":{"line":16,"column":23}},"9":{"start":{"line":18,"column":8},"end":{"line":25,"column":9}},"10":{"start":{"line":19,"column":25},"end":{"line":19,"column":60}},"11":{"start":{"line":20,"column":10},"end":{"line":24,"column":11}},"12":{"start":{"line":21,"column":12},"end":{"line":21,"column":28}},"13":{"start":{"line":22,"column":12},"end":{"line":22,"column":30}},"14":{"start":{"line":23,"column":12},"end":{"line":23,"column":26}},"15":{"start":{"line":27,"column":23},"end":{"line":27,"column":49}},"16":{"start":{"line":28,"column":8},"end":{"line":28,"column":24}},"17":{"start":{"line":30,"column":8},"end":{"line":32,"column":9}},"18":{"start":{"line":31,"column":10},"end":{"line":31,"column":52}},"19":{"start":{"line":34,"column":8},"end":{"line":34,"column":22}},"20":{"start":{"line":36,"column":25},"end":{"line":36,"column":82}},"21":{"start":{"line":37,"column":8},"end":{"line":37,"column":27}},"22":{"start":{"line":38,"column":8},"end":{"line":38,"column":23}},"23":{"start":{"line":40,"column":8},"end":{"line":40,"column":26}},"24":{"start":{"line":46,"column":2},"end":{"line":50,"column":27}},"25":{"start":{"line":47,"column":4},"end":{"line":49,"column":5}},"26":{"start":{"line":48,"column":6},"end":{"line":48,"column":16}},"27":{"start":{"line":52,"column":16},"end":{"line":52,"column":55}},"28":{"start":{"line":52,"column":34},"end":{"line":52,"column":43}},"29":{"start":{"line":54,"column":21},"end":{"line":59,"column":30}},"30":{"start":{"line":55,"column":4},"end":{"line":57,"column":5}},"31":{"start":{"line":56,"column":6},"end":{"line":56,"column":40}},"32":{"start":{"line":58,"column":4},"end":{"line":58,"column":18}},"33":{"start":{"line":61,"column":2},"end":{"line":68,"column":4}}},"fnMap":{"0":{"name":"useApi","decl":{"start":{"line":5,"column":16},"end":{"line":5,"column":22}},"loc":{"start":{"line":5,"column":50},"end":{"line":69,"column":1}},"line":5},"1":{"name":"(anonymous_1)","decl":{"start":{"line":13,"column":4},"end":{"line":13,"column":5}},"loc":{"start":{"line":13,"column":23},"end":{"line":42,"column":5}},"line":13},"2":{"name":"(anonymous_2)","decl":{"start":{"line":46,"column":12},"end":{"line":46,"column":13}},"loc":{"start":{"line":46,"column":18},"end":{"line":50,"column":3}},"line":46},"3":{"name":"(anonymous_3)","decl":{"start":{"line":52,"column":28},"end":{"line":52,"column":29}},"loc":{"start":{"line":52,"column":34},"end":{"line":52,"column":43}},"line":52},"4":{"name":"(anonymous_4)","decl":{"start":{"line":54,"column":33},"end":{"line":54,"column":34}},"loc":{"start":{"line":54,"column":39},"end":{"line":59,"column":3}},"line":54}},"branchMap":{"0":{"loc":{"start":{"line":5,"column":36},"end":{"line":5,"column":48}},"type":"default-arg","locations":[{"start":{"line":5,"column":46},"end":{"line":5,"column":48}}],"line":5},"1":{"loc":{"start":{"line":6,"column":10},"end":{"line":6,"column":26}},"type":"default-arg","locations":[{"start":{"line":6,"column":22},"end":{"line":6,"column":26}}],"line":6},"2":{"loc":{"start":{"line":6,"column":28},"end":{"line":6,"column":43}},"type":"default-arg","locations":[{"start":{"line":6,"column":39},"end":{"line":6,"column":43}}],"line":6},"3":{"loc":{"start":{"line":18,"column":8},"end":{"line":25,"column":9}},"type":"if","locations":[{"start":{"line":18,"column":8},"end":{"line":25,"column":9}},{"start":{},"end":{}}],"line":18},"4":{"loc":{"start":{"line":18,"column":12},"end":{"line":18,"column":36}},"type":"binary-expr","locations":[{"start":{"line":18,"column":12},"end":{"line":18,"column":20}},{"start":{"line":18,"column":24},"end":{"line":18,"column":36}}],"line":18},"5":{"loc":{"start":{"line":20,"column":10},"end":{"line":24,"column":11}},"type":"if","locations":[{"start":{"line":20,"column":10},"end":{"line":24,"column":11}},{"start":{},"end":{}}],"line":20},"6":{"loc":{"start":{"line":30,"column":8},"end":{"line":32,"column":9}},"type":"if","locations":[{"start":{"line":30,"column":8},"end":{"line":32,"column":9}},{"start":{},"end":{}}],"line":30},"7":{"loc":{"start":{"line":30,"column":12},"end":{"line":30,"column":36}},"type":"binary-expr","locations":[{"start":{"line":30,"column":12},"end":{"line":30,"column":20}},{"start":{"line":30,"column":24},"end":{"line":30,"column":36}}],"line":30},"8":{"loc":{"start":{"line":36,"column":25},"end":{"line":36,"column":82}},"type":"cond-expr","locations":[{"start":{"line":36,"column":51},"end":{"line":36,"column":54}},{"start":{"line":36,"column":57},"end":{"line":36,"column":82}}],"line":36},"9":{"loc":{"start":{"line":47,"column":4},"end":{"line":49,"column":5}},"type":"if","locations":[{"start":{"line":47,"column":4},"end":{"line":49,"column":5}},{"start":{},"end":{}}],"line":47},"10":{"loc":{"start":{"line":55,"column":4},"end":{"line":57,"column":5}},"type":"if","locations":[{"start":{"line":55,"column":4},"end":{"line":57,"column":5}},{"start":{},"end":{}}],"line":55},"11":{"loc":{"start":{"line":55,"column":8},"end":{"line":55,"column":32}},"type":"binary-expr","locations":[{"start":{"line":55,"column":8},"end":{"line":55,"column":16}},{"start":{"line":55,"column":20},"end":{"line":55,"column":32}}],"line":55}},"s":{"0":0,"1":0,"2":0,"3":0,"4":0,"5":0,"6":0,"7":0,"8":0,"9":0,"10":0,"11":0,"12":0,"13":0,"14":0,"15":0,"16":0,"17":0,"18":0,"19":0,"20":0,"21":0,"22":0,"23":0,"24":0,"25":0,"26":0,"27":0,"28":0,"29":0,"30":0,"31":0,"32":0,"33":0},"f":{"0":0,"1":0,"2":0,"3":0,"4":0},"b":{"0":[0],"1":[0],"2":[0],"3":[0,0],"4":[0,0],"5":[0,0],"6":[0,0],"7":[0,0],"8":[0,0],"9":[0,0],"10":[0,0],"11":[0,0]}}
,"C:\\Roads Authority Application\\RA-_APP-_4\\app\\hooks\\useApp.js": {"path":"C:\\Roads Authority Application\\RA-_APP-_4\\app\\hooks\\useApp.js","statementMap":{"0":{"start":{"line":5,"column":18},"end":{"line":5,"column":40}},"1":{"start":{"line":7,"column":2},"end":{"line":9,"column":3}},"2":{"start":{"line":8,"column":4},"end":{"line":8,"column":62}},"3":{"start":{"line":11,"column":2},"end":{"line":11,"column":17}}},"fnMap":{"0":{"name":"useApp","decl":{"start":{"line":4,"column":16},"end":{"line":4,"column":22}},"loc":{"start":{"line":4,"column":25},"end":{"line":12,"column":1}},"line":4}},"branchMap":{"0":{"loc":{"start":{"line":7,"column":2},"end":{"line":9,"column":3}},"type":"if","locations":[{"start":{"line":7,"column":2},"end":{"line":9,"column":3}},{"start":{},"end":{}}],"line":7}},"s":{"0":0,"1":0,"2":0,"3":0},"f":{"0":0},"b":{"0":[0,0]}}
,"C:\\Roads Authority Application\\RA-_APP-_4\\app\\hooks\\useCache.js": {"path":"C:\\Roads Authority Application\\RA-_APP-_4\\app\\hooks\\useCache.js","statementMap":{"0":{"start":{"line":5,"column":18},"end":{"line":5,"column":42}},"1":{"start":{"line":7,"column":2},"end":{"line":9,"column":3}},"2":{"start":{"line":8,"column":4},"end":{"line":8,"column":66}},"3":{"start":{"line":11,"column":2},"end":{"line":11,"column":17}}},"fnMap":{"0":{"name":"useCache","decl":{"start":{"line":4,"column":16},"end":{"line":4,"column":24}},"loc":{"start":{"line":4,"column":27},"end":{"line":12,"column":1}},"line":4}},"branchMap":{"0":{"loc":{"start":{"line":7,"column":2},"end":{"line":9,"column":3}},"type":"if","locations":[{"start":{"line":7,"column":2},"end":{"line":9,"column":3}},{"start":{},"end":{}}],"line":7}},"s":{"0":0,"1":0,"2":0,"3":0},"f":{"0":0},"b":{"0":[0,0]}}
,"C:\\Roads Authority Application\\RA-_APP-_4\\app\\hooks\\useDebounce.js": {"path":"C:\\Roads Authority Application\\RA-_APP-_4\\app\\hooks\\useDebounce.js","statementMap":{"0":{"start":{"line":4,"column":46},"end":{"line":4,"column":61}},"1":{"start":{"line":6,"column":2},"end":{"line":12,"column":21}},"2":{"start":{"line":7,"column":20},"end":{"line":9,"column":13}},"3":{"start":{"line":8,"column":6},"end":{"line":8,"column":31}},"4":{"start":{"line":11,"column":4},"end":{"line":11,"column":39}},"5":{"start":{"line":11,"column":17},"end":{"line":11,"column":38}},"6":{"start":{"line":14,"column":2},"end":{"line":14,"column":24}}},"fnMap":{"0":{"name":"useDebounce","decl":{"start":{"line":3,"column":16},"end":{"line":3,"column":27}},"loc":{"start":{"line":3,"column":48},"end":{"line":15,"column":1}},"line":3},"1":{"name":"(anonymous_1)","decl":{"start":{"line":6,"column":12},"end":{"line":6,"column":13}},"loc":{"start":{"line":6,"column":18},"end":{"line":12,"column":3}},"line":6},"2":{"name":"(anonymous_2)","decl":{"start":{"line":7,"column":31},"end":{"line":7,"column":32}},"loc":{"start":{"line":7,"column":37},"end":{"line":9,"column":5}},"line":7},"3":{"name":"(anonymous_3)","decl":{"start":{"line":11,"column":11},"end":{"line":11,"column":12}},"loc":{"start":{"line":11,"column":17},"end":{"line":11,"column":38}},"line":11}},"branchMap":{"0":{"loc":{"start":{"line":3,"column":35},"end":{"line":3,"column":46}},"type":"default-arg","locations":[{"start":{"line":3,"column":43},"end":{"line":3,"column":46}}],"line":3}},"s":{"0":6,"1":6,"2":6,"3":0,"4":6,"5":6,"6":6},"f":{"0":6,"1":6,"2":0,"3":6},"b":{"0":[0]},"_coverageSchema":"1a1c01bbd47fc00a2c39e90264f33305004495a9","hash":"11159c2467ea10c0c1ed0c6e679ccb8097cbb75e"}
,"C:\\Roads Authority Application\\RA-_APP-_4\\app\\hooks\\useTheme.js": {"path":"C:\\Roads Authority Application\\RA-_APP-_4\\app\\hooks\\useTheme.js","statementMap":{"0":{"start":{"line":5,"column":22},"end":{"line":5,"column":38}},"1":{"start":{"line":6,"column":17},"end":{"line":6,"column":39}},"2":{"start":{"line":7,"column":17},"end":{"line":7,"column":51}},"3":{"start":{"line":9,"column":2},"end":{"line":13,"column":4}}},"fnMap":{"0":{"name":"useTheme","decl":{"start":{"line":4,"column":16},"end":{"line":4,"column":24}},"loc":{"start":{"line":4,"column":27},"end":{"line":14,"column":1}},"line":4}},"branchMap":{"0":{"loc":{"start":{"line":7,"column":25},"end":{"line":7,"column":50}},"type":"cond-expr","locations":[{"start":{"line":7,"column":34},"end":{"line":7,"column":40}},{"start":{"line":7,"column":43},"end":{"line":7,"column":50}}],"line":7}},"s":{"0":0,"1":0,"2":0,"3":0},"f":{"0":0},"b":{"0":[0,0]}}
,"C:\\Roads Authority Application\\RA-_APP-_4\\app\\screens\\ChatbotScreen.js": {"path":"C:\\Roads Authority Application\\RA-_APP-_4\\app\\screens\\ChatbotScreen.js","statementMap":{"0":{"start":{"line":21,"column":25},"end":{"line":21,"column":42}},"1":{"start":{"line":22,"column":23},"end":{"line":22,"column":43}},"2":{"start":{"line":25,"column":22},"end":{"line":25,"column":38}},"3":{"start":{"line":26,"column":17},"end":{"line":26,"column":67}},"4":{"start":{"line":27,"column":34},"end":{"line":34,"column":4}},"5":{"start":{"line":35,"column":36},"end":{"line":35,"column":48}},"6":{"start":{"line":36,"column":36},"end":{"line":36,"column":51}},"7":{"start":{"line":37,"column":36},"end":{"line":37,"column":50}},"8":{"start":{"line":38,"column":24},"end":{"line":38,"column":32}},"9":{"start":{"line":41,"column":2},"end":{"line":44,"column":9}},"10":{"start":{"line":42,"column":4},"end":{"line":42,"column":22}},"11":{"start":{"line":43,"column":4},"end":{"line":43,"column":20}},"12":{"start":{"line":47,"column":2},"end":{"line":49,"column":17}},"13":{"start":{"line":48,"column":4},"end":{"line":48,"column":22}},"14":{"start":{"line":52,"column":2},"end":{"line":56,"column":17}},"15":{"start":{"line":53,"column":4},"end":{"line":55,"column":12}},"16":{"start":{"line":54,"column":6},"end":{"line":54,"column":61}},"17":{"start":{"line":58,"column":26},"end":{"line":70,"column":3}},"18":{"start":{"line":59,"column":4},"end":{"line":69,"column":5}},"19":{"start":{"line":60,"column":22},"end":{"line":60,"column":70}},"20":{"start":{"line":61,"column":6},"end":{"line":66,"column":7}},"21":{"start":{"line":62,"column":30},"end":{"line":62,"column":49}},"22":{"start":{"line":63,"column":8},"end":{"line":65,"column":9}},"23":{"start":{"line":64,"column":10},"end":{"line":64,"column":37}},"24":{"start":{"line":68,"column":6},"end":{"line":68,"column":58}},"25":{"start":{"line":72,"column":26},"end":{"line":78,"column":3}},"26":{"start":{"line":73,"column":4},"end":{"line":77,"column":5}},"27":{"start":{"line":74,"column":6},"end":{"line":74,"column":81}},"28":{"start":{"line":76,"column":6},"end":{"line":76,"column":57}},"29":{"start":{"line":80,"column":24},"end":{"line":92,"column":3}},"30":{"start":{"line":81,"column":4},"end":{"line":91,"column":5}},"31":{"start":{"line":82,"column":15},"end":{"line":82,"column":61}},"32":{"start":{"line":83,"column":6},"end":{"line":86,"column":7}},"33":{"start":{"line":84,"column":8},"end":{"line":84,"column":80}},"34":{"start":{"line":85,"column":8},"end":{"line":85,"column":59}},"35":{"start":{"line":87,"column":6},"end":{"line":87,"column":23}},"36":{"start":{"line":89,"column":6},"end":{"line":89,"column":56}},"37":{"start":{"line":90,"column":6},"end":{"line":90,"column":87}},"38":{"start":{"line":94,"column":27},"end":{"line":121,"column":3}},"39":{"start":{"line":95,"column":4},"end":{"line":120,"column":6}},"40":{"start":{"line":104,"column":12},"end":{"line":116,"column":13}},"41":{"start":{"line":105,"column":14},"end":{"line":105,"column":66}},"42":{"start":{"line":106,"column":14},"end":{"line":113,"column":17}},"43":{"start":{"line":115,"column":14},"end":{"line":115,"column":67}},"44":{"start":{"line":123,"column":21},"end":{"line":172,"column":3}},"45":{"start":{"line":124,"column":4},"end":{"line":124,"column":53}},"46":{"start":{"line":124,"column":46},"end":{"line":124,"column":53}},"47":{"start":{"line":126,"column":24},"end":{"line":131,"column":5}},"48":{"start":{"line":133,"column":4},"end":{"line":133,"column":50}},"49":{"start":{"line":133,"column":26},"end":{"line":133,"column":48}},"50":{"start":{"line":134,"column":4},"end":{"line":134,"column":21}},"51":{"start":{"line":135,"column":4},"end":{"line":135,"column":23}},"52":{"start":{"line":137,"column":4},"end":{"line":171,"column":5}},"53":{"start":{"line":138,"column":23},"end":{"line":138,"column":78}},"54":{"start":{"line":140,"column":25},"end":{"line":146,"column":7}},"55":{"start":{"line":148,"column":6},"end":{"line":148,"column":51}},"56":{"start":{"line":148,"column":28},"end":{"line":148,"column":49}},"57":{"start":{"line":150,"column":6},"end":{"line":150,"column":45}},"58":{"start":{"line":152,"column":25},"end":{"line":152,"column":142}},"59":{"start":{"line":154,"column":6},"end":{"line":158,"column":7}},"60":{"start":{"line":155,"column":8},"end":{"line":155,"column":108}},"61":{"start":{"line":156,"column":13},"end":{"line":158,"column":7}},"62":{"start":{"line":157,"column":8},"end":{"line":157,"column":86}},"63":{"start":{"line":160,"column":30},"end":{"line":166,"column":7}},"64":{"start":{"line":168,"column":6},"end":{"line":168,"column":56}},"65":{"start":{"line":168,"column":28},"end":{"line":168,"column":54}},"66":{"start":{"line":170,"column":6},"end":{"line":170,"column":26}},"67":{"start":{"line":174,"column":28},"end":{"line":182,"column":3}},"68":{"start":{"line":175,"column":4},"end":{"line":181,"column":6}},"69":{"start":{"line":184,"column":17},"end":{"line":184,"column":34}},"70":{"start":{"line":186,"column":2},"end":{"line":337,"column":4}},"71":{"start":{"line":210,"column":37},"end":{"line":210,"column":91}},"72":{"start":{"line":214,"column":12},"end":{"line":282,"column":19}},"73":{"start":{"line":253,"column":22},"end":{"line":272,"column":41}},"74":{"start":{"line":256,"column":39},"end":{"line":256,"column":64}},"75":{"start":{"line":341,"column":2},"end":{"line":474,"column":5}}},"fnMap":{"0":{"name":"ChatbotScreen","decl":{"start":{"line":24,"column":24},"end":{"line":24,"column":37}},"loc":{"start":{"line":24,"column":40},"end":{"line":338,"column":1}},"line":24},"1":{"name":"(anonymous_1)","decl":{"start":{"line":41,"column":12},"end":{"line":41,"column":13}},"loc":{"start":{"line":41,"column":18},"end":{"line":44,"column":3}},"line":41},"2":{"name":"(anonymous_2)","decl":{"start":{"line":47,"column":12},"end":{"line":47,"column":13}},"loc":{"start":{"line":47,"column":18},"end":{"line":49,"column":3}},"line":47},"3":{"name":"(anonymous_3)","decl":{"start":{"line":52,"column":12},"end":{"line":52,"column":13}},"loc":{"start":{"line":52,"column":18},"end":{"line":56,"column":3}},"line":52},"4":{"name":"(anonymous_4)","decl":{"start":{"line":53,"column":15},"end":{"line":53,"column":16}},"loc":{"start":{"line":53,"column":21},"end":{"line":55,"column":5}},"line":53},"5":{"name":"(anonymous_5)","decl":{"start":{"line":58,"column":26},"end":{"line":58,"column":27}},"loc":{"start":{"line":58,"column":38},"end":{"line":70,"column":3}},"line":58},"6":{"name":"(anonymous_6)","decl":{"start":{"line":72,"column":26},"end":{"line":72,"column":27}},"loc":{"start":{"line":72,"column":38},"end":{"line":78,"column":3}},"line":72},"7":{"name":"(anonymous_7)","decl":{"start":{"line":80,"column":24},"end":{"line":80,"column":25}},"loc":{"start":{"line":80,"column":36},"end":{"line":92,"column":3}},"line":80},"8":{"name":"(anonymous_8)","decl":{"start":{"line":94,"column":27},"end":{"line":94,"column":28}},"loc":{"start":{"line":94,"column":39},"end":{"line":121,"column":3}},"line":94},"9":{"name":"(anonymous_9)","decl":{"start":{"line":103,"column":19},"end":{"line":103,"column":20}},"loc":{"start":{"line":103,"column":31},"end":{"line":117,"column":11}},"line":103},"10":{"name":"(anonymous_10)","decl":{"start":{"line":123,"column":21},"end":{"line":123,"column":22}},"loc":{"start":{"line":123,"column":33},"end":{"line":172,"column":3}},"line":123},"11":{"name":"(anonymous_11)","decl":{"start":{"line":133,"column":16},"end":{"line":133,"column":17}},"loc":{"start":{"line":133,"column":26},"end":{"line":133,"column":48}},"line":133},"12":{"name":"(anonymous_12)","decl":{"start":{"line":148,"column":18},"end":{"line":148,"column":19}},"loc":{"start":{"line":148,"column":28},"end":{"line":148,"column":49}},"line":148},"13":{"name":"(anonymous_13)","decl":{"start":{"line":168,"column":18},"end":{"line":168,"column":19}},"loc":{"start":{"line":168,"column":28},"end":{"line":168,"column":54}},"line":168},"14":{"name":"(anonymous_14)","decl":{"start":{"line":174,"column":28},"end":{"line":174,"column":29}},"loc":{"start":{"line":174,"column":40},"end":{"line":182,"column":3}},"line":174},"15":{"name":"(anonymous_15)","decl":{"start":{"line":210,"column":31},"end":{"line":210,"column":32}},"loc":{"start":{"line":210,"column":37},"end":{"line":210,"column":91}},"line":210},"16":{"name":"(anonymous_16)","decl":{"start":{"line":213,"column":24},"end":{"line":213,"column":25}},"loc":{"start":{"line":214,"column":12},"end":{"line":282,"column":19}},"line":214},"17":{"name":"(anonymous_17)","decl":{"start":{"line":252,"column":41},"end":{"line":252,"column":42}},"loc":{"start":{"line":253,"column":22},"end":{"line":272,"column":41}},"line":253},"18":{"name":"(anonymous_18)","decl":{"start":{"line":256,"column":33},"end":{"line":256,"column":34}},"loc":{"start":{"line":256,"column":39},"end":{"line":256,"column":64}},"line":256},"19":{"name":"getStyles","decl":{"start":{"line":340,"column":9},"end":{"line":340,"column":18}},"loc":{"start":{"line":340,"column":27},"end":{"line":475,"column":1}},"line":340}},"branchMap":{"0":{"loc":{"start":{"line":26,"column":25},"end":{"line":26,"column":66}},"type":"cond-expr","locations":[{"start":{"line":26,"column":50},"end":{"line":26,"column":56}},{"start":{"line":26,"column":59},"end":{"line":26,"column":66}}],"line":26},"1":{"loc":{"start":{"line":61,"column":6},"end":{"line":66,"column":7}},"type":"if","locations":[{"start":{"line":61,"column":6},"end":{"line":66,"column":7}},{"start":{},"end":{}}],"line":61},"2":{"loc":{"start":{"line":63,"column":8},"end":{"line":65,"column":9}},"type":"if","locations":[{"start":{"line":63,"column":8},"end":{"line":65,"column":9}},{"start":{},"end":{}}],"line":63},"3":{"loc":{"start":{"line":83,"column":6},"end":{"line":86,"column":7}},"type":"if","locations":[{"start":{"line":83,"column":6},"end":{"line":86,"column":7}},{"start":{},"end":{}}],"line":83},"4":{"loc":{"start":{"line":124,"column":4},"end":{"line":124,"column":53}},"type":"if","locations":[{"start":{"line":124,"column":4},"end":{"line":124,"column":53}},{"start":{},"end":{}}],"line":124},"5":{"loc":{"start":{"line":124,"column":8},"end":{"line":124,"column":44}},"type":"binary-expr","locations":[{"start":{"line":124,"column":8},"end":{"line":124,"column":31}},{"start":{"line":124,"column":35},"end":{"line":124,"column":44}}],"line":124},"6":{"loc":{"start":{"line":142,"column":14},"end":{"line":142,"column":122}},"type":"binary-expr","locations":[{"start":{"line":142,"column":14},"end":{"line":142,"column":29}},{"start":{"line":142,"column":33},"end":{"line":142,"column":49}},{"start":{"line":142,"column":53},"end":{"line":142,"column":122}}],"line":142},"7":{"loc":{"start":{"line":145,"column":17},"end":{"line":145,"column":39}},"type":"binary-expr","locations":[{"start":{"line":145,"column":17},"end":{"line":145,"column":33}},{"start":{"line":145,"column":37},"end":{"line":145,"column":39}}],"line":145},"8":{"loc":{"start":{"line":154,"column":6},"end":{"line":158,"column":7}},"type":"if","locations":[{"start":{"line":154,"column":6},"end":{"line":158,"column":7}},{"start":{"line":156,"column":13},"end":{"line":158,"column":7}}],"line":154},"9":{"loc":{"start":{"line":156,"column":13},"end":{"line":158,"column":7}},"type":"if","locations":[{"start":{"line":156,"column":13},"end":{"line":158,"column":7}},{"start":{},"end":{}}],"line":156},"10":{"loc":{"start":{"line":189,"column":18},"end":{"line":189,"column":62}},"type":"cond-expr","locations":[{"start":{"line":189,"column":42},"end":{"line":189,"column":51}},{"start":{"line":189,"column":54},"end":{"line":189,"column":62}}],"line":189},"11":{"loc":{"start":{"line":190,"column":32},"end":{"line":190,"column":62}},"type":"cond-expr","locations":[{"start":{"line":190,"column":56},"end":{"line":190,"column":58}},{"start":{"line":190,"column":61},"end":{"line":190,"column":62}}],"line":190},"12":{"loc":{"start":{"line":218,"column":16},"end":{"line":218,"column":82}},"type":"cond-expr","locations":[{"start":{"line":218,"column":44},"end":{"line":218,"column":62}},{"start":{"line":218,"column":65},"end":{"line":218,"column":82}}],"line":218},"13":{"loc":{"start":{"line":221,"column":15},"end":{"line":225,"column":15}},"type":"binary-expr","locations":[{"start":{"line":221,"column":15},"end":{"line":221,"column":39}},{"start":{"line":222,"column":16},"end":{"line":224,"column":23}}],"line":221},"14":{"loc":{"start":{"line":229,"column":18},"end":{"line":233,"column":54}},"type":"cond-expr","locations":[{"start":{"line":230,"column":22},"end":{"line":230,"column":57}},{"start":{"line":231,"column":22},"end":{"line":233,"column":54}}],"line":229},"15":{"loc":{"start":{"line":231,"column":22},"end":{"line":233,"column":54}},"type":"cond-expr","locations":[{"start":{"line":232,"column":22},"end":{"line":232,"column":69}},{"start":{"line":233,"column":22},"end":{"line":233,"column":54}}],"line":231},"16":{"loc":{"start":{"line":239,"column":20},"end":{"line":241,"column":46}},"type":"cond-expr","locations":[{"start":{"line":240,"column":24},"end":{"line":240,"column":44}},{"start":{"line":241,"column":24},"end":{"line":241,"column":46}}],"line":239},"17":{"loc":{"start":{"line":239,"column":20},"end":{"line":239,"column":64}},"type":"binary-expr","locations":[{"start":{"line":239,"column":20},"end":{"line":239,"column":45}},{"start":{"line":239,"column":49},"end":{"line":239,"column":64}}],"line":239},"18":{"loc":{"start":{"line":247,"column":17},"end":{"line":275,"column":17}},"type":"binary-expr","locations":[{"start":{"line":247,"column":17},"end":{"line":247,"column":32}},{"start":{"line":247,"column":36},"end":{"line":247,"column":62}},{"start":{"line":248,"column":18},"end":{"line":274,"column":25}}],"line":247},"19":{"loc":{"start":{"line":277,"column":15},"end":{"line":281,"column":15}},"type":"binary-expr","locations":[{"start":{"line":277,"column":15},"end":{"line":277,"column":40}},{"start":{"line":278,"column":16},"end":{"line":280,"column":23}}],"line":277},"20":{"loc":{"start":{"line":285,"column":11},"end":{"line":299,"column":11}},"type":"binary-expr","locations":[{"start":{"line":285,"column":11},"end":{"line":285,"column":20}},{"start":{"line":286,"column":12},"end":{"line":298,"column":19}}],"line":285},"21":{"loc":{"start":{"line":320,"column":33},"end":{"line":320,"column":96}},"type":"cond-expr","locations":[{"start":{"line":320,"column":66},"end":{"line":320,"column":80}},{"start":{"line":320,"column":83},"end":{"line":320,"column":96}}],"line":320},"22":{"loc":{"start":{"line":320,"column":33},"end":{"line":320,"column":63}},"type":"binary-expr","locations":[{"start":{"line":320,"column":33},"end":{"line":320,"column":49}},{"start":{"line":320,"column":53},"end":{"line":320,"column":63}}],"line":320},"23":{"loc":{"start":{"line":323,"column":22},"end":{"line":323,"column":52}},"type":"binary-expr","locations":[{"start":{"line":323,"column":22},"end":{"line":323,"column":39}},{"start":{"line":323,"column":43},"end":{"line":323,"column":52}}],"line":323},"24":{"loc":{"start":{"line":326,"column":44},"end":{"line":326,"column":74}},"type":"binary-expr","locations":[{"start":{"line":326,"column":44},"end":{"line":326,"column":61}},{"start":{"line":326,"column":65},"end":{"line":326,"column":74}}],"line":326},"25":{"loc":{"start":{"line":331,"column":21},"end":{"line":331,"column":86}},"type":"cond-expr","locations":[{"start":{"line":331,"column":54},"end":{"line":331,"column":63}},{"start":{"line":331,"column":66},"end":{"line":331,"column":86}}],"line":331},"26":{"loc":{"start":{"line":331,"column":21},"end":{"line":331,"column":51}},"type":"binary-expr","locations":[{"start":{"line":331,"column":21},"end":{"line":331,"column":37}},{"start":{"line":331,"column":41},"end":{"line":331,"column":51}}],"line":331}},"s":{"0":0,"1":0,"2":0,"3":0,"4":0,"5":0,"6":0,"7":0,"8":0,"9":0,"10":0,"11":0,"12":0,"13":0,"14":0,"15":0,"16":0,"17":0,"18":0,"19":0,"20":0,"21":0,"22":0,"23":0,"24":0,"25":0,"26":0,"27":0,"28":0,"29":0,"30":0,"31":0,"32":0,"33":0,"34":0,"35":0,"36":0,"37":0,"38":0,"39":0,"40":0,"41":0,"42":0,"43":0,"44":0,"45":0,"46":0,"47":0,"48":0,"49":0,"50":0,"51":0,"52":0,"53":0,"54":0,"55":0,"56":0,"57":0,"58":0,"59":0,"60":0,"61":0,"62":0,"63":0,"64":0,"65":0,"66":0,"67":0,"68":0,"69":0,"70":0,"71":0,"72":0,"73":0,"74":0,"75":0},"f":{"0":0,"1":0,"2":0,"3":0,"4":0,"5":0,"6":0,"7":0,"8":0,"9":0,"10":0,"11":0,"12":0,"13":0,"14":0,"15":0,"16":0,"17":0,"18":0,"19":0},"b":{"0":[0,0],"1":[0,0],"2":[0,0],"3":[0,0],"4":[0,0],"5":[0,0],"6":[0,0,0],"7":[0,0],"8":[0,0],"9":[0,0],"10":[0,0],"11":[0,0],"12":[0,0],"13":[0,0],"14":[0,0],"15":[0,0],"16":[0,0],"17":[0,0],"18":[0,0,0],"19":[0,0],"20":[0,0],"21":[0,0],"22":[0,0],"23":[0,0],"24":[0,0],"25":[0,0],"26":[0,0]}}
,"C:\\Roads Authority Application\\RA-_APP-_4\\app\\screens\\FAQsScreen.js": {"path":"C:\\Roads Authority Application\\RA-_APP-_4\\app\\screens\\FAQsScreen.js","statementMap":{"0":{"start":{"line":15,"column":22},"end":{"line":15,"column":38}},"1":{"start":{"line":16,"column":17},"end":{"line":16,"column":67}},"2":{"start":{"line":17,"column":38},"end":{"line":17,"column":52}},"3":{"start":{"line":19,"column":15},"end":{"line":60,"column":3}},"4":{"start":{"line":62,"column":25},"end":{"line":64,"column":3}},"5":{"start":{"line":63,"column":4},"end":{"line":63,"column":49}},"6":{"start":{"line":66,"column":17},"end":{"line":66,"column":34}},"7":{"start":{"line":68,"column":2},"end":{"line":104,"column":4}},"8":{"start":{"line":78,"column":10},"end":{"line":100,"column":29}},"9":{"start":{"line":84,"column":27},"end":{"line":84,"column":49}},"10":{"start":{"line":108,"column":2},"end":{"line":175,"column":5}}},"fnMap":{"0":{"name":"FAQsScreen","decl":{"start":{"line":14,"column":24},"end":{"line":14,"column":34}},"loc":{"start":{"line":14,"column":37},"end":{"line":105,"column":1}},"line":14},"1":{"name":"(anonymous_1)","decl":{"start":{"line":62,"column":25},"end":{"line":62,"column":26}},"loc":{"start":{"line":62,"column":33},"end":{"line":64,"column":3}},"line":62},"2":{"name":"(anonymous_2)","decl":{"start":{"line":77,"column":18},"end":{"line":77,"column":19}},"loc":{"start":{"line":78,"column":10},"end":{"line":100,"column":29}},"line":78},"3":{"name":"(anonymous_3)","decl":{"start":{"line":84,"column":21},"end":{"line":84,"column":22}},"loc":{"start":{"line":84,"column":27},"end":{"line":84,"column":49}},"line":84},"4":{"name":"getStyles","decl":{"start":{"line":107,"column":9},"end":{"line":107,"column":18}},"loc":{"start":{"line":107,"column":27},"end":{"line":176,"column":1}},"line":107}},"branchMap":{"0":{"loc":{"start":{"line":16,"column":25},"end":{"line":16,"column":66}},"type":"cond-expr","locations":[{"start":{"line":16,"column":50},"end":{"line":16,"column":56}},{"start":{"line":16,"column":59},"end":{"line":16,"column":66}}],"line":16},"1":{"loc":{"start":{"line":63,"column":18},"end":{"line":63,"column":47}},"type":"cond-expr","locations":[{"start":{"line":63,"column":38},"end":{"line":63,"column":42}},{"start":{"line":63,"column":45},"end":{"line":63,"column":47}}],"line":63},"2":{"loc":{"start":{"line":82,"column":14},"end":{"line":82,"column":61}},"type":"binary-expr","locations":[{"start":{"line":82,"column":14},"end":{"line":82,"column":35}},{"start":{"line":82,"column":39},"end":{"line":82,"column":61}}],"line":82},"3":{"loc":{"start":{"line":90,"column":22},"end":{"line":90,"column":75}},"type":"cond-expr","locations":[{"start":{"line":90,"column":46},"end":{"line":90,"column":58}},{"start":{"line":90,"column":61},"end":{"line":90,"column":75}}],"line":90},"4":{"loc":{"start":{"line":95,"column":13},"end":{"line":99,"column":13}},"type":"binary-expr","locations":[{"start":{"line":95,"column":13},"end":{"line":95,"column":34}},{"start":{"line":96,"column":14},"end":{"line":98,"column":21}}],"line":95}},"s":{"0":0,"1":0,"2":0,"3":0,"4":0,"5":0,"6":0,"7":0,"8":0,"9":0,"10":0},"f":{"0":0,"1":0,"2":0,"3":0,"4":0},"b":{"0":[0,0],"1":[0,0],"2":[0,0],"3":[0,0],"4":[0,0]}}
,"C:\\Roads Authority Application\\RA-_APP-_4\\app\\screens\\FindOfficesScreen.js": {"path":"C:\\Roads Authority Application\\RA-_APP-_4\\app\\screens\\FindOfficesScreen.js","statementMap":{"0":{"start":{"line":22,"column":22},"end":{"line":22,"column":38}},"1":{"start":{"line":23,"column":17},"end":{"line":23,"column":67}},"2":{"start":{"line":24,"column":46},"end":{"line":24,"column":61}},"3":{"start":{"line":25,"column":40},"end":{"line":25,"column":52}},"4":{"start":{"line":26,"column":36},"end":{"line":26,"column":48}},"5":{"start":{"line":27,"column":32},"end":{"line":27,"column":46}},"6":{"start":{"line":28,"column":38},"end":{"line":28,"column":53}},"7":{"start":{"line":29,"column":28},"end":{"line":29,"column":42}},"8":{"start":{"line":30,"column":32},"end":{"line":30,"column":49}},"9":{"start":{"line":32,"column":2},"end":{"line":34,"column":9}},"10":{"start":{"line":33,"column":4},"end":{"line":33,"column":21}},"11":{"start":{"line":36,"column":25},"end":{"line":53,"column":3}},"12":{"start":{"line":37,"column":4},"end":{"line":52,"column":5}},"13":{"start":{"line":38,"column":6},"end":{"line":38,"column":23}},"14":{"start":{"line":39,"column":6},"end":{"line":39,"column":21}},"15":{"start":{"line":40,"column":23},"end":{"line":40,"column":60}},"16":{"start":{"line":41,"column":28},"end":{"line":41,"column":84}},"17":{"start":{"line":42,"column":6},"end":{"line":42,"column":34}},"18":{"start":{"line":45,"column":28},"end":{"line":45,"column":101}},"19":{"start":{"line":45,"column":72},"end":{"line":45,"column":82}},"20":{"start":{"line":46,"column":6},"end":{"line":46,"column":32}},"21":{"start":{"line":48,"column":6},"end":{"line":48,"column":54}},"22":{"start":{"line":49,"column":6},"end":{"line":49,"column":58}},"23":{"start":{"line":51,"column":6},"end":{"line":51,"column":24}},"24":{"start":{"line":55,"column":20},"end":{"line":59,"column":3}},"25":{"start":{"line":56,"column":4},"end":{"line":56,"column":24}},"26":{"start":{"line":57,"column":4},"end":{"line":57,"column":27}},"27":{"start":{"line":58,"column":4},"end":{"line":58,"column":25}},"28":{"start":{"line":61,"column":28},"end":{"line":67,"column":4}},"29":{"start":{"line":63,"column":6},"end":{"line":64,"column":73}},"30":{"start":{"line":65,"column":26},"end":{"line":65,"column":88}},"31":{"start":{"line":66,"column":4},"end":{"line":66,"column":42}},"32":{"start":{"line":70,"column":27},"end":{"line":77,"column":8}},"33":{"start":{"line":71,"column":19},"end":{"line":71,"column":45}},"34":{"start":{"line":72,"column":4},"end":{"line":74,"column":5}},"35":{"start":{"line":73,"column":6},"end":{"line":73,"column":23}},"36":{"start":{"line":75,"column":4},"end":{"line":75,"column":31}},"37":{"start":{"line":76,"column":4},"end":{"line":76,"column":15}},"38":{"start":{"line":79,"column":21},"end":{"line":85,"column":3}},"39":{"start":{"line":80,"column":4},"end":{"line":83,"column":5}},"40":{"start":{"line":81,"column":6},"end":{"line":81,"column":86}},"41":{"start":{"line":82,"column":6},"end":{"line":82,"column":13}},"42":{"start":{"line":84,"column":4},"end":{"line":84,"column":36}},"43":{"start":{"line":87,"column":27},"end":{"line":121,"column":3}},"44":{"start":{"line":88,"column":4},"end":{"line":91,"column":5}},"45":{"start":{"line":89,"column":6},"end":{"line":89,"column":94}},"46":{"start":{"line":90,"column":6},"end":{"line":90,"column":13}},"47":{"start":{"line":93,"column":36},"end":{"line":93,"column":56}},"48":{"start":{"line":94,"column":18},"end":{"line":94,"column":65}},"49":{"start":{"line":97,"column":19},"end":{"line":100,"column":6}},"50":{"start":{"line":102,"column":16},"end":{"line":106,"column":6}},"51":{"start":{"line":108,"column":4},"end":{"line":120,"column":9}},"52":{"start":{"line":110,"column":8},"end":{"line":115,"column":9}},"53":{"start":{"line":111,"column":10},"end":{"line":111,"column":38}},"54":{"start":{"line":114,"column":10},"end":{"line":114,"column":109}},"55":{"start":{"line":118,"column":8},"end":{"line":118,"column":50}},"56":{"start":{"line":119,"column":8},"end":{"line":119,"column":64}},"57":{"start":{"line":123,"column":17},"end":{"line":123,"column":34}},"58":{"start":{"line":125,"column":2},"end":{"line":131,"column":3}},"59":{"start":{"line":126,"column":4},"end":{"line":130,"column":6}},"60":{"start":{"line":133,"column":2},"end":{"line":142,"column":3}},"61":{"start":{"line":134,"column":4},"end":{"line":141,"column":6}},"62":{"start":{"line":144,"column":2},"end":{"line":283,"column":4}},"63":{"start":{"line":171,"column":12},"end":{"line":189,"column":31}},"64":{"start":{"line":179,"column":29},"end":{"line":179,"column":54}},"65":{"start":{"line":217,"column":12},"end":{"line":278,"column":19}},"66":{"start":{"line":220,"column":16},"end":{"line":276,"column":23}},"67":{"start":{"line":255,"column":39},"end":{"line":255,"column":73}},"68":{"start":{"line":267,"column":39},"end":{"line":267,"column":65}},"69":{"start":{"line":287,"column":2},"end":{"line":458,"column":5}}},"fnMap":{"0":{"name":"FindOfficesScreen","decl":{"start":{"line":21,"column":24},"end":{"line":21,"column":41}},"loc":{"start":{"line":21,"column":44},"end":{"line":284,"column":1}},"line":21},"1":{"name":"(anonymous_1)","decl":{"start":{"line":32,"column":12},"end":{"line":32,"column":13}},"loc":{"start":{"line":32,"column":18},"end":{"line":34,"column":3}},"line":32},"2":{"name":"(anonymous_2)","decl":{"start":{"line":36,"column":25},"end":{"line":36,"column":26}},"loc":{"start":{"line":36,"column":37},"end":{"line":53,"column":3}},"line":36},"3":{"name":"(anonymous_3)","decl":{"start":{"line":45,"column":65},"end":{"line":45,"column":66}},"loc":{"start":{"line":45,"column":72},"end":{"line":45,"column":82}},"line":45},"4":{"name":"(anonymous_4)","decl":{"start":{"line":55,"column":20},"end":{"line":55,"column":21}},"loc":{"start":{"line":55,"column":32},"end":{"line":59,"column":3}},"line":55},"5":{"name":"(anonymous_5)","decl":{"start":{"line":61,"column":45},"end":{"line":61,"column":46}},"loc":{"start":{"line":61,"column":59},"end":{"line":67,"column":3}},"line":61},"6":{"name":"(anonymous_6)","decl":{"start":{"line":70,"column":52},"end":{"line":70,"column":53}},"loc":{"start":{"line":70,"column":71},"end":{"line":77,"column":3}},"line":70},"7":{"name":"(anonymous_7)","decl":{"start":{"line":79,"column":21},"end":{"line":79,"column":22}},"loc":{"start":{"line":79,"column":32},"end":{"line":85,"column":3}},"line":79},"8":{"name":"(anonymous_8)","decl":{"start":{"line":87,"column":27},"end":{"line":87,"column":28}},"loc":{"start":{"line":87,"column":41},"end":{"line":121,"column":3}},"line":87},"9":{"name":"(anonymous_9)","decl":{"start":{"line":109,"column":12},"end":{"line":109,"column":13}},"loc":{"start":{"line":109,"column":27},"end":{"line":116,"column":7}},"line":109},"10":{"name":"(anonymous_10)","decl":{"start":{"line":117,"column":13},"end":{"line":117,"column":14}},"loc":{"start":{"line":117,"column":22},"end":{"line":120,"column":7}},"line":117},"11":{"name":"(anonymous_11)","decl":{"start":{"line":170,"column":23},"end":{"line":170,"column":24}},"loc":{"start":{"line":171,"column":12},"end":{"line":189,"column":31}},"line":171},"12":{"name":"(anonymous_12)","decl":{"start":{"line":179,"column":23},"end":{"line":179,"column":24}},"loc":{"start":{"line":179,"column":29},"end":{"line":179,"column":54}},"line":179},"13":{"name":"(anonymous_13)","decl":{"start":{"line":216,"column":51},"end":{"line":216,"column":52}},"loc":{"start":{"line":217,"column":12},"end":{"line":278,"column":19}},"line":217},"14":{"name":"(anonymous_14)","decl":{"start":{"line":219,"column":44},"end":{"line":219,"column":45}},"loc":{"start":{"line":220,"column":16},"end":{"line":276,"column":23}},"line":220},"15":{"name":"(anonymous_15)","decl":{"start":{"line":255,"column":33},"end":{"line":255,"column":34}},"loc":{"start":{"line":255,"column":39},"end":{"line":255,"column":73}},"line":255},"16":{"name":"(anonymous_16)","decl":{"start":{"line":267,"column":33},"end":{"line":267,"column":34}},"loc":{"start":{"line":267,"column":39},"end":{"line":267,"column":65}},"line":267},"17":{"name":"getStyles","decl":{"start":{"line":286,"column":9},"end":{"line":286,"column":18}},"loc":{"start":{"line":286,"column":27},"end":{"line":459,"column":1}},"line":286}},"branchMap":{"0":{"loc":{"start":{"line":23,"column":25},"end":{"line":23,"column":66}},"type":"cond-expr","locations":[{"start":{"line":23,"column":50},"end":{"line":23,"column":56}},{"start":{"line":23,"column":59},"end":{"line":23,"column":66}}],"line":23},"1":{"loc":{"start":{"line":41,"column":28},"end":{"line":41,"column":84}},"type":"cond-expr","locations":[{"start":{"line":41,"column":54},"end":{"line":41,"column":62}},{"start":{"line":41,"column":65},"end":{"line":41,"column":84}}],"line":41},"2":{"loc":{"start":{"line":41,"column":65},"end":{"line":41,"column":84}},"type":"binary-expr","locations":[{"start":{"line":41,"column":65},"end":{"line":41,"column":78}},{"start":{"line":41,"column":82},"end":{"line":41,"column":84}}],"line":41},"3":{"loc":{"start":{"line":49,"column":15},"end":{"line":49,"column":56}},"type":"binary-expr","locations":[{"start":{"line":49,"column":15},"end":{"line":49,"column":26}},{"start":{"line":49,"column":30},"end":{"line":49,"column":56}}],"line":49},"4":{"loc":{"start":{"line":63,"column":6},"end":{"line":64,"column":73}},"type":"binary-expr","locations":[{"start":{"line":63,"column":6},"end":{"line":63,"column":70}},{"start":{"line":64,"column":6},"end":{"line":64,"column":73}}],"line":63},"5":{"loc":{"start":{"line":65,"column":26},"end":{"line":65,"column":88}},"type":"binary-expr","locations":[{"start":{"line":65,"column":26},"end":{"line":65,"column":50}},{"start":{"line":65,"column":54},"end":{"line":65,"column":88}}],"line":65},"6":{"loc":{"start":{"line":66,"column":11},"end":{"line":66,"column":41}},"type":"binary-expr","locations":[{"start":{"line":66,"column":11},"end":{"line":66,"column":24}},{"start":{"line":66,"column":28},"end":{"line":66,"column":41}}],"line":66},"7":{"loc":{"start":{"line":71,"column":19},"end":{"line":71,"column":45}},"type":"binary-expr","locations":[{"start":{"line":71,"column":19},"end":{"line":71,"column":34}},{"start":{"line":71,"column":38},"end":{"line":71,"column":45}}],"line":71},"8":{"loc":{"start":{"line":72,"column":4},"end":{"line":74,"column":5}},"type":"if","locations":[{"start":{"line":72,"column":4},"end":{"line":74,"column":5}},{"start":{},"end":{}}],"line":72},"9":{"loc":{"start":{"line":80,"column":4},"end":{"line":83,"column":5}},"type":"if","locations":[{"start":{"line":80,"column":4},"end":{"line":83,"column":5}},{"start":{},"end":{}}],"line":80},"10":{"loc":{"start":{"line":88,"column":4},"end":{"line":91,"column":5}},"type":"if","locations":[{"start":{"line":88,"column":4},"end":{"line":91,"column":5}},{"start":{},"end":{}}],"line":88},"11":{"loc":{"start":{"line":88,"column":8},"end":{"line":88,"column":98}},"type":"binary-expr","locations":[{"start":{"line":88,"column":8},"end":{"line":88,"column":29}},{"start":{"line":88,"column":33},"end":{"line":88,"column":63}},{"start":{"line":88,"column":67},"end":{"line":88,"column":98}}],"line":88},"12":{"loc":{"start":{"line":94,"column":37},"end":{"line":94,"column":64}},"type":"binary-expr","locations":[{"start":{"line":94,"column":37},"end":{"line":94,"column":50}},{"start":{"line":94,"column":54},"end":{"line":94,"column":64}}],"line":94},"13":{"loc":{"start":{"line":110,"column":8},"end":{"line":115,"column":9}},"type":"if","locations":[{"start":{"line":110,"column":8},"end":{"line":115,"column":9}},{"start":{"line":112,"column":15},"end":{"line":115,"column":9}}],"line":110},"14":{"loc":{"start":{"line":125,"column":2},"end":{"line":131,"column":3}},"type":"if","locations":[{"start":{"line":125,"column":2},"end":{"line":131,"column":3}},{"start":{},"end":{}}],"line":125},"15":{"loc":{"start":{"line":133,"column":2},"end":{"line":142,"column":3}},"type":"if","locations":[{"start":{"line":133,"column":2},"end":{"line":142,"column":3}},{"start":{},"end":{}}],"line":133},"16":{"loc":{"start":{"line":175,"column":16},"end":{"line":177,"column":17}},"type":"binary-expr","locations":[{"start":{"line":175,"column":16},"end":{"line":175,"column":41}},{"start":{"line":175,"column":45},"end":{"line":177,"column":17}}],"line":175},"17":{"loc":{"start":{"line":184,"column":18},"end":{"line":184,"column":67}},"type":"binary-expr","locations":[{"start":{"line":184,"column":18},"end":{"line":184,"column":43}},{"start":{"line":184,"column":47},"end":{"line":184,"column":67}}],"line":184},"18":{"loc":{"start":{"line":207,"column":9},"end":{"line":280,"column":9}},"type":"cond-expr","locations":[{"start":{"line":208,"column":10},"end":{"line":214,"column":17}},{"start":{"line":216,"column":10},"end":{"line":279,"column":12}}],"line":207},"19":{"loc":{"start":{"line":212,"column":15},"end":{"line":212,"column":83}},"type":"cond-expr","locations":[{"start":{"line":212,"column":29},"end":{"line":212,"column":56}},{"start":{"line":212,"column":59},"end":{"line":212,"column":83}}],"line":212},"20":{"loc":{"start":{"line":220,"column":27},"end":{"line":220,"column":54}},"type":"binary-expr","locations":[{"start":{"line":220,"column":27},"end":{"line":220,"column":39}},{"start":{"line":220,"column":43},"end":{"line":220,"column":54}}],"line":220},"21":{"loc":{"start":{"line":237,"column":19},"end":{"line":242,"column":19}},"type":"binary-expr","locations":[{"start":{"line":237,"column":19},"end":{"line":237,"column":41}},{"start":{"line":238,"column":20},"end":{"line":241,"column":27}}],"line":237},"22":{"loc":{"start":{"line":244,"column":19},"end":{"line":249,"column":19}},"type":"binary-expr","locations":[{"start":{"line":244,"column":19},"end":{"line":244,"column":33}},{"start":{"line":245,"column":20},"end":{"line":248,"column":27}}],"line":244},"23":{"loc":{"start":{"line":252,"column":21},"end":{"line":262,"column":21}},"type":"binary-expr","locations":[{"start":{"line":252,"column":21},"end":{"line":252,"column":43}},{"start":{"line":253,"column":22},"end":{"line":261,"column":41}}],"line":252},"24":{"loc":{"start":{"line":264,"column":21},"end":{"line":274,"column":21}},"type":"binary-expr","locations":[{"start":{"line":264,"column":21},"end":{"line":264,"column":41}},{"start":{"line":265,"column":22},"end":{"line":273,"column":41}}],"line":264}},"s":{"0":0,"1":0,"2":0,"3":0,"4":0,"5":0,"6":0,"7":0,"8":0,"9":0,"10":0,"11":0,"12":0,"13":0,"14":0,"15":0,"16":0,"17":0,"18":0,"19":0,"20":0,"21":0,"22":0,"23":0,"24":0,"25":0,"26":0,"27":0,"28":0,"29":0,"30":0,"31":0,"32":0,"33":0,"34":0,"35":0,"36":0,"37":0,"38":0,"39":0,"40":0,"41":0,"42":0,"43":0,"44":0,"45":0,"46":0,"47":0,"48":0,"49":0,"50":0,"51":0,"52":0,"53":0,"54":0,"55":0,"56":0,"57":0,"58":0,"59":0,"60":0,"61":0,"62":0,"63":0,"64":0,"65":0,"66":0,"67":0,"68":0,"69":0},"f":{"0":0,"1":0,"2":0,"3":0,"4":0,"5":0,"6":0,"7":0,"8":0,"9":0,"10":0,"11":0,"12":0,"13":0,"14":0,"15":0,"16":0,"17":0},"b":{"0":[0,0],"1":[0,0],"2":[0,0],"3":[0,0],"4":[0,0],"5":[0,0],"6":[0,0],"7":[0,0],"8":[0,0],"9":[0,0],"10":[0,0],"11":[0,0,0],"12":[0,0],"13":[0,0],"14":[0,0],"15":[0,0],"16":[0,0],"17":[0,0],"18":[0,0],"19":[0,0],"20":[0,0],"21":[0,0],"22":[0,0],"23":[0,0],"24":[0,0]}}
,"C:\\Roads Authority Application\\RA-_APP-_4\\app\\screens\\HomeScreen.js": {"path":"C:\\Roads Authority Application\\RA-_APP-_4\\app\\screens\\HomeScreen.js","statementMap":{"0":{"start":{"line":24,"column":18},"end":{"line":24,"column":42}},"1":{"start":{"line":27,"column":21},"end":{"line":27,"column":31}},"2":{"start":{"line":28,"column":40},"end":{"line":28,"column":52}},"3":{"start":{"line":29,"column":52},"end":{"line":29,"column":67}},"4":{"start":{"line":30,"column":52},"end":{"line":30,"column":63}},"5":{"start":{"line":32,"column":28},"end":{"line":34,"column":3}},"6":{"start":{"line":33,"column":4},"end":{"line":33,"column":69}},"7":{"start":{"line":36,"column":29},"end":{"line":38,"column":3}},"8":{"start":{"line":37,"column":4},"end":{"line":37,"column":65}},"9":{"start":{"line":40,"column":24},"end":{"line":59,"column":3}},"10":{"start":{"line":61,"column":20},"end":{"line":125,"column":3}},"11":{"start":{"line":81,"column":21},"end":{"line":81,"column":49}},"12":{"start":{"line":88,"column":21},"end":{"line":88,"column":54}},"13":{"start":{"line":95,"column":21},"end":{"line":95,"column":52}},"14":{"start":{"line":102,"column":21},"end":{"line":102,"column":72}},"15":{"start":{"line":109,"column":21},"end":{"line":109,"column":69}},"16":{"start":{"line":116,"column":21},"end":{"line":116,"column":76}},"17":{"start":{"line":123,"column":21},"end":{"line":123,"column":73}},"18":{"start":{"line":127,"column":17},"end":{"line":127,"column":34}},"19":{"start":{"line":129,"column":30},"end":{"line":131,"column":3}},"20":{"start":{"line":130,"column":4},"end":{"line":130,"column":42}},"21":{"start":{"line":130,"column":35},"end":{"line":130,"column":40}},"22":{"start":{"line":133,"column":34},"end":{"line":136,"column":3}},"23":{"start":{"line":134,"column":4},"end":{"line":134,"column":32}},"24":{"start":{"line":135,"column":4},"end":{"line":135,"column":56}},"25":{"start":{"line":138,"column":2},"end":{"line":176,"column":3}},"26":{"start":{"line":139,"column":4},"end":{"line":175,"column":6}},"27":{"start":{"line":144,"column":14},"end":{"line":154,"column":33}},"28":{"start":{"line":178,"column":2},"end":{"line":302,"column":4}},"29":{"start":{"line":200,"column":25},"end":{"line":200,"column":43}},"30":{"start":{"line":221,"column":37},"end":{"line":221,"column":70}},"31":{"start":{"line":222,"column":28},"end":{"line":222,"column":74}},"32":{"start":{"line":223,"column":14},"end":{"line":223,"column":42}},"33":{"start":{"line":228,"column":14},"end":{"line":238,"column":32}},"34":{"start":{"line":245,"column":14},"end":{"line":251,"column":16}},"35":{"start":{"line":262,"column":16},"end":{"line":262,"column":53}},"36":{"start":{"line":262,"column":41},"end":{"line":262,"column":53}},"37":{"start":{"line":263,"column":16},"end":{"line":263,"column":84}},"38":{"start":{"line":266,"column":16},"end":{"line":276,
[...]
,"C:\\Roads Authority Application\\RA-_APP-_4\\app\\services\\officesService.js": {"path":"C:\\Roads Authority Application\\RA-_APP-_4\\app\\services\\officesService.js","statementMap":{"0":{"start":{"line":3,"column":30},"end":{"line":32,"column":1}},"1":{"start":{"line":5,"column":4},"end":{"line":14,"column":5}},"2":{"start":{"line":6,"column":26},"end":{"line":6,"column":64}},"3":{"start":{"line":7,"column":23},"end":{"line":9,"column":31}},"4":{"start":{"line":11,"column":6},"end":{"line":11,"column":43}},"5":{"start":{"line":13,"column":6},"end":{"line":13,"column":18}},"6":{"start":{"line":18,"column":4},"end":{"line":22,"column":5}},"7":{"start":{"line":19,"column":6},"end":{"line":19,"column":47}},"8":{"start":{"line":21,"column":6},"end":{"line":21,"column":18}},"9":{"start":{"line":26,"column":4},"end":{"line":30,"column":5}},"10":{"start":{"line":27,"column":6},"end":{"line":27,"column":54}},"11":{"start":{"line":29,"column":6},"end":{"line":29,"column":18}}},"fnMap":{"0":{"name":"(anonymous_0)","decl":{"start":{"line":4,"column":2},"end":{"line":4,"column":3}},"loc":{"start":{"line":4,"column":32},"end":{"line":15,"column":3}},"line":4},"1":{"name":"(anonymous_1)","decl":{"start":{"line":17,"column":2},"end":{"line":17,"column":3}},"loc":{"start":{"line":17,"column":35},"end":{"line":23,"column":3}},"line":17},"2":{"name":"(anonymous_2)","decl":{"start":{"line":25,"column":2},"end":{"line":25,"column":3}},"loc":{"start":{"line":25,"column":29},"end":{"line":31,"column":3}},"line":25}},"branchMap":{"0":{"loc":{"start":{"line":4,"column":19},"end":{"line":4,"column":30}},"type":"default-arg","locations":[{"start":{"line":4,"column":28},"end":{"line":4,"column":30}}],"line":4},"1":{"loc":{"start":{"line":7,"column":23},"end":{"line":9,"column":31}},"type":"cond-expr","locations":[{"start":{"line":8,"column":10},"end":{"line":8,"column":51}},{"start":{"line":9,"column":10},"end":{"line":9,"column":31}}],"line":7}},"s":{"0":0,"1":0,"2":0,"3":0,"4":0,"5":0,"6":0,"7":0,"8":0,"9":0,"10":0,"11":0},"f":{"0":0,"1":0,"2":0},"b":{"0":[0],"1":[0,0]}}
,"C:\\Roads Authority Application\\RA-_APP-_4\\app\\services\\tendersService.js": {"path":"C:\\Roads Authority Application\\RA-_APP-_4\\app\\services\\tendersService.js","statementMap":{"0":{"start":{"line":3,"column":30},"end":{"line":54,"column":1}},"1":{"start":{"line":5,"column":4},"end":{"line":18,"column":5}},"2":{"start":{"line":7,"column":26},"end":{"line":7,"column":56}},"3":{"start":{"line":8,"column":26},"end":{"line":8,"column":69}},"4":{"start":{"line":9,"column":23},"end":{"line":11,"column":31}},"5":{"start":{"line":13,"column":23},"end":{"line":13,"column":52}},"6":{"start":{"line":15,"column":6},"end":{"line":15,"column":39}},"7":{"start":{"line":17,"column":6},"end":{"line":17,"column":18}},"8":{"start":{"line":22,"column":4},"end":{"line":28,"column":5}},"9":{"start":{"line":23,"column":23},"end":{"line":23,"column":76}},"10":{"start":{"line":25,"column":6},"end":{"line":25,"column":39}},"11":{"start":{"line":27,"column":6},"end":{"line":27,"column":18}},"12":{"start":{"line":32,"column":4},"end":{"line":36,"column":5}},"13":{"start":{"line":33,"column":6},"end":{"line":33,"column":54}},"14":{"start":{"line":35,"column":6},"end":{"line":35,"column":18}},"15":{"start":{"line":40,"column":4},"end":{"line":44,"column":5}},"16":{"start":{"line":41,"column":6},"end":{"line":41,"column":47}},"17":{"start":{"line":43,"column":6},"end":{"line":43,"column":18}},"18":{"start":{"line":48,"column":4},"end":{"line":52,"column":5}},"19":{"start":{"line":49,"column":6},"end":{"line":49,"column":49}},"20":{"start":{"line":51,"column":6},"end":{"line":51,"column":18}}},"fnMap":{"0":{"name":"(anonymous_0)","decl":{"start":{"line":4,"column":2},"end":{"line":4,"column":3}},"loc":{"start":{"line":4,"column":32},"end":{"line":19,"column":3}},"line":4},"1":{"name":"(anonymous_1)","decl":{"start":{"line":21,"column":2},"end":{"line":21,"column":3}},"loc":{"start":{"line":21,"column":28},"end":{"line":29,"column":3}},"line":21},"2":{"name":"(anonymous_2)","decl":{"start":{"line":31,"column":2},"end":{"line":31,"column":3}},"loc":{"start":{"line":31,"column":29},"end":{"line":37,"column":3}},"line":31},"3":{"name":"(anonymous_3)","decl":{"start":{"line":39,"column":2},"end":{"line":39,"column":3}},"loc":{"start":{"line":39,"column":35},"end":{"line":45,"column":3}},"line":39},"4":{"name":"(anonymous_4)","decl":{"start":{"line":47,"column":2},"end":{"line":47,"column":3}},"loc":{"start":{"line":47,"column":39},"end":{"line":53,"column":3}},"line":47}},"branchMap":{"0":{"loc":{"start":{"line":4,"column":19},"end":{"line":4,"column":30}},"type":"default-arg","locations":[{"start":{"line":4,"column":28},"end":{"line":4,"column":30}}],"line":4},"1":{"loc":{"start":{"line":9,"column":23},"end":{"line":11,"column":31}},"type":"cond-expr","locations":[{"start":{"line":10,"column":10},"end":{"line":10,"column":51}},{"start":{"line":11,"column":10},"end":{"line":11,"column":31}}],"line":9},"2":{"loc":{"start":{"line":15,"column":13},"end":{"line":15,"column":38}},"type":"binary-expr","locations":[{"start":{"line":15,"column":13},"end":{"line":15,"column":26}},{"start":{"line":15,"column":30},"end":{"line":15,"column":38}}],"line":15},"3":{"loc":{"start":{"line":25,"column":13},"end":{"line":25,"column":38}},"type":"binary-expr","locations":[{"start":{"line":25,"column":13},"end":{"line":25,"column":26}},{"start":{"line":25,"column":30},"end":{"line":25,"column":38}}],"line":25}},"s":{"0":2,"1":7,"2":7,"3":7,"4":7,"5":7,"6":5,"7":2,"8":3,"9":3,"10":1,"11":2,"12":1,"13":1,"14":0,"15":2,"16":2,"17":0,"18":0,"19":0,"20":0},"f":{"0":7,"1":3,"2":1,"3":2,"4":0},"b":{"0":[3],"1":[7,0],"2":[5,0],"3":[1,0]},"_coverageSchema":"1a1c01bbd47fc00a2c39e90264f33305004495a9","hash":"b57d5b3b544c0ece6ba629772575885f037225a6"}
,"C:\\Roads Authority Application\\RA-_APP-_4\\app\\services\\vacanciesService.js": {"path":"C:\\Roads Authority Application\\RA-_APP-_4\\app\\services\\vacanciesService.js","statementMap":{"0":{"start":{"line":3,"column":32},"end":{"line":62,"column":1}},"1":{"start":{"line":5,"column":4},"end":{"line":18,"column":5}},"2":{"start":{"line":7,"column":26},"end":{"line":7,"column":56}},"3":{"start":{"line":8,"column":26},"end":{"line":8,"column":69}},"4":{"start":{"line":9,"column":23},"end":{"line":11,"column":33}},"5":{"start":{"line":13,"column":23},"end":{"line":13,"column":52}},"6":{"start":{"line":15,"column":6},"end":{"line":15,"column":39}},"7":{"start":{"line":17,"column":6},"end":{"line":17,"column":18}},"8":{"start":{"line":22,"column":4},"end":{"line":28,"column":5}},"9":{"start":{"line":23,"column":23},"end":{"line":23,"column":78}},"10":{"start":{"line":25,"column":6},"end":{"line":25,"column":39}},"11":{"start":{"line":27,"column":6},"end":{"line":27,"column":18}},"12":{"start":{"line":32,"column":4},"end":{"line":36,"column":5}},"13":{"start":{"line":33,"column":6},"end":{"line":33,"column":56}},"14":{"start":{"line":35,"column":6},"end":{"line":35,"column":18}},"15":{"start":{"line":40,"column":4},"end":{"line":44,"column":5}},"16":{"start":{"line":41,"column":6},"end":{"line":41,"column":47}},"17":{"start":{"line":43,"column":6},"end":{"line":43,"column":18}},"18":{"start":{"line":48,"column":4},"end":{"line":52,"column":5}},"19":{"start":{"line":49,"column":6},"end":{"line":49,"column":53}},"20":{"start":{"line":51,"column":6},"end":{"line":51,"column":18}},"21":{"start":{"line":56,"column":4},"end":{"line":60,"column":5}},"22":{"start":{"line":57,"column":6},"end":{"line":57,"column":51}},"23":{"start":{"line":59,"column":6},"end":{"line":59,"column":18}}},"fnMap":{"0":{"name":"(anonymous_0)","decl":{"start":{"line":4,"column":2},"end":{"line":4,"column":3}},"loc":{"start":{"line":4,"column":34},"end":{"line":19,"column":3}},"line":4},"1":{"name":"(anonymous_1)","decl":{"start":{"line":21,"column":2},"end":{"line":21,"column":3}},"loc":{"start":{"line":21,"column":29},"end":{"line":29,"column":3}},"line":21},"2":{"name":"(anonymous_2)","decl":{"start":{"line":31,"column":2},"end":{"line":31,"column":3}},"loc":{"start":{"line":31,"column":31},"end":{"line":37,"column":3}},"line":31},"3":{"name":"(anonymous_3)","decl":{"start":{"line":39,"column":2},"end":{"line":39,"column":3}},"loc":{"start":{"line":39,"column":33},"end":{"line":45,"column":3}},"line":39},"4":{"name":"(anonymous_4)","decl":{"start":{"line":47,"column":2},"end":{"line":47,"column":3}},"loc":{"start":{"line":47,"column":45},"end":{"line":53,"column":3}},"line":47},"5":{"name":"(anonymous_5)","decl":{"start":{"line":55,"column":2},"end":{"line":55,"column":3}},"loc":{"start":{"line":55,"column":41},"end":{"line":61,"column":3}},"line":55}},"branchMap":{"0":{"loc":{"start":{"line":4,"column":21},"end":{"line":4,"column":32}},"type":"default-arg","locations":[{"start":{"line":4,"column":30},"end":{"line":4,"column":32}}],"line":4},"1":{"loc":{"start":{"line":9,"column":23},"end":{"line":11,"column":33}},"type":"cond-expr","locations":[{"start":{"line":10,"column":10},"end":{"line":10,"column":53}},{"start":{"line":11,"column":10},"end":{"line":11,"column":33}}],"line":9},"2":{"loc":{"start":{"line":15,"column":13},"end":{"line":15,"column":38}},"type":"binary-expr","locations":[{"start":{"line":15,"column":13},"end":{"line":15,"column":26}},{"start":{"line":15,"column":30},"end":{"line":15,"column":38}}],"line":15},"3":{"loc":{"start":{"line":25,"column":13},"end":{"line":25,"column":38}},"type":"binary-expr","locations":[{"start":{"line":25,"column":13},"end":{"line":25,"column":26}},{"start":{"line":25,"column":30},"end":{"line":25,"column":38}}],"line":25}},"s":{"0":2,"1":7,"2":7,"3":7,"4":7,"5":7,"6":5,"7":2,"8":1,"9":1,"10":1,"11":0,"12":1,"13":1,"14":0,"15":2,"16":2,"17":0,"18":0,"19":0,"20":0,"21":0,"22":0,"23":0},"f":{"0":7,"1":1,"2":1,"3":2,"4":0,"5":0},"b":{"0":[3],"1":[7,0],"2":[5,0],"3":[1,0]},"_coverageSchema":"1a1c01bbd47fc00a2c39e90264f33305004495a9","hash":"98ab2925ca281fbcbe2d72bad9a1b95f61c2c71d"}
,"C:\\Roads Authority Application\\RA-_APP-_4\\app\\utils\\imageOptimization.js": {"path":"C:\\Roads Authority Application\\RA-_APP-_4\\app\\utils\\imageOptimization.js","statementMap":{"0":{"start":{"line":1,"column":33},"end":{"line":31,"column":1}},"1":{"start":{"line":3,"column":4},"end":{"line":5,"column":5}},"2":{"start":{"line":4,"column":6},"end":{"line":4,"column":31}},"3":{"start":{"line":6,"column":18},"end":{"line":6,"column":32}},"4":{"start":{"line":7,"column":4},"end":{"line":10,"column":6}},"5":{"start":{"line":14,"column":4},"end":{"line":14,"column":32}},"6":{"start":{"line":18,"column":4},"end":{"line":20,"column":5}},"7":{"start":{"line":19,"column":6},"end":{"line":19,"column":75}},"8":{"start":{"line":21,"column":4},"end":{"line":21,"column":17}},"9":{"start":{"line":25,"column":18},"end":{"line":25,"column":32}},"10":{"start":{"line":26,"column":4},"end":{"line":29,"column":6}}},"fnMap":{"0":{"name":"(anonymous_0)","decl":{"start":{"line":2,"column":20},"end":{"line":2,"column":21}},"loc":{"start":{"line":2,"column":55},"end":{"line":11,"column":3}},"line":2},"1":{"name":"(anonymous_1)","decl":{"start":{"line":13,"column":23},"end":{"line":13,"column":24}},"loc":{"start":{"line":13,"column":49},"end":{"line":15,"column":3}},"line":13},"2":{"name":"(anonymous_2)","decl":{"start":{"line":17,"column":18},"end":{"line":17,"column":19}},"loc":{"start":{"line":17,"column":30},"end":{"line":22,"column":3}},"line":17},"3":{"name":"(anonymous_3)","decl":{"start":{"line":24,"column":22},"end":{"line":24,"column":23}},"loc":{"start":{"line":24,"column":57},"end":{"line":30,"column":3}},"line":24}},"branchMap":{"0":{"loc":{"start":{"line":2,"column":36},"end":{"line":2,"column":50}},"type":"default-arg","locations":[{"start":{"line":2,"column":47},"end":{"line":2,"column":50}}],"line":2},"1":{"loc":{"start":{"line":3,"column":4},"end":{"line":5,"column":5}},"type":"if","locations":[{"start":{"line":3,"column":4},"end":{"line":5,"column":5}},{"start":{},"end":{}}],"line":3},"2":{"loc":{"start":{"line":13,"column":29},"end":{"line":13,"column":44}},"type":"default-arg","locations":[{"start":{"line":13,"column":36},"end":{"line":13,"column":44}}],"line":13},"3":{"loc":{"start":{"line":18,"column":4},"end":{"line":20,"column":5}},"type":"if","locations":[{"start":{"line":18,"column":4},"end":{"line":20,"column":5}},{"start":{},"end":{}}],"line":18},"4":{"loc":{"start":{"line":19,"column":13},"end":{"line":19,"column":74}},"type":"binary-expr","locations":[{"start":{"line":19,"column":13},"end":{"line":19,"column":41}},{"start":{"line":19,"column":45},"end":{"line":19,"column":74}}],"line":19}},"s":{"0":0,"1":0,"2":0,"3":0,"4":0,"5":0,"6":0,"7":0,"8":0,"9":0,"10":0},"f":{"0":0,"1":0,"2":0,"3":0},"b":{"0":[0],"1":[0,0],"2":[0],"3":[0,0],"4":[0,0]}}
,"C:\\Roads Authority Application\\RA-_APP-_4\\app\\utils\\index.js": {"path":"C:\\Roads Authority Application\\RA-_APP-_4\\app\\utils\\index.js","statementMap":{},"fnMap":{},"branchMap":{},"s":{},"f":{},"b":{}}
,"C:\\Roads Authority Application\\RA-_APP-_4\\app\\utils\\validation.js": {"path":"C:\\Roads Authority Application\\RA-_APP-_4\\app\\utils\\validation.js","statementMap":{"0":{"start":{"line":1,"column":26},"end":{"line":40,"column":1}},"1":{"start":{"line":3,"column":23},"end":{"line":3,"column":51}},"2":{"start":{"line":4,"column":4},"end":{"line":4,"column":34}},"3":{"start":{"line":8,"column":23},"end":{"line":8,"column":45}},"4":{"start":{"line":9,"column":4},"end":{"line":9,"column":34}},"5":{"start":{"line":13,"column":4},"end":{"line":18,"column":5}},"6":{"start":{"line":14,"column":6},"end":{"line":14,"column":21}},"7":{"start":{"line":15,"column":6},"end":{"line":15,"column":18}},"8":{"start":{"line":17,"column":6},"end":{"line":17,"column":19}},"9":{"start":{"line":21,"column":32},"end":{"line":21,"column":54}},"10":{"start":{"line":22,"column":32},"end":{"line":22,"column":54}},"11":{"start":{"line":25,"column":4},"end":{"line":25,"column":66}},"12":{"start":{"line":25,"column":35},"end":{"line":25,"column":66}},"13":{"start":{"line":26,"column":4},"end":{"line":26,"column":49}},"14":{"start":{"line":30,"column":4},"end":{"line":35,"column":6}},"15":{"start":{"line":38,"column":27},"end":{"line":38,"column":55}},"16":{"start":{"line":39,"column":22},"end":{"line":39,"column":41}},"17":{"start":{"line":42,"column":24},"end":{"line":67,"column":1}},"18":{"start":{"line":43,"column":17},"end":{"line":43,"column":19}},"19":{"start":{"line":45,"column":2},"end":{"line":47,"column":3}},"20":{"start":{"line":46,"column":4},"end":{"line":46,"column":18}},"21":{"start":{"line":49,"column":2},"end":{"line":64,"column":3}},"22":{"start":{"line":50,"column":22},"end":{"line":50,"column":38}},"23":{"start":{"line":52,"column":4},"end":{"line":55,"column":5}},"24":{"start":{"line":53,"column":6},"end":{"line":53,"column":49}},"25":{"start":{"line":54,"column":6},"end":{"line":54,"column":15}},"26":{"start":{"line":57,"column":20},"end":{"line":59,"column":32}},"27":{"start":{"line":61,"column":4},"end":{"line":63,"column":5}},"28":{"start":{"line":62,"column":6},"end":{"line":62,"column":57}},"29":{"start":{"line":66,"column":2},"end":{"line":66,"column":16}},"30":{"start":{"line":69,"column":31},"end":{"line":83,"column":1}},"31":{"start":{"line":70,"column":19},"end":{"line":80,"column":3}},"32":{"start":{"line":82,"column":2},"end":{"line":82,"column":46}}},"fnMap":{"0":{"name":"(anonymous_0)","decl":{"start":{"line":2,"column":9},"end":{"line":2,"column":10}},"loc":{"start":{"line":2,"column":20},"end":{"line":5,"column":3}},"line":2},"1":{"name":"(anonymous_1)","decl":{"start":{"line":7,"column":9},"end":{"line":7,"column":10}},"loc":{"start":{"line":7,"column":20},"end":{"line":10,"column":3}},"line":7},"2":{"name":"(anonymous_2)","decl":{"start":{"line":12,"column":7},"end":{"line":12,"column":8}},"loc":{"start":{"line":12,"column":18},"end":{"line":19,"column":3}},"line":12},"3":{"name":"(anonymous_3)","decl":{"start":{"line":21,"column":13},"end":{"line":21,"column":14}},"loc":{"start":{"line":21,"column":32},"end":{"line":21,"column":54}},"line":21},"4":{"name":"(anonymous_4)","decl":{"start":{"line":22,"column":13},"end":{"line":22,"column":14}},"loc":{"start":{"line":22,"column":32},"end":{"line":22,"column":54}},"line":22},"5":{"name":"(anonymous_5)","decl":{"start":{"line":24,"column":12},"end":{"line":24,"column":13}},"loc":{"start":{"line":24,"column":23},"end":{"line":27,"column":3}},"line":24},"6":{"name":"(anonymous_6)","decl":{"start":{"line":29,"column":12},"end":{"line":29,"column":13}},"loc":{"start":{"line":29,"column":23},"end":{"line":36,"column":3}},"line":29},"7":{"name":"(anonymous_7)","decl":{"start":{"line":38,"column":16},"end":{"line":38,"column":17}},"loc":{"start":{"line":38,"column":27},"end":{"line":38,"column":55}},"line":38},"8":{"name":"(anonymous_8)","decl":{"start":{"line":39,"column":11},"end":{"line":39,"column":12}},"loc":{"start":{"line":39,"column":22},"end":{"line":39,"column":41}},"line":39},"9":{"name":"(anonymous_9)","decl":{"start":{"line":42,"column":24},"end":{"line":42,"column":25}},"loc":{"start":{"line":42,"column":42},"end":{"line":67,"column":1}},"line":42},"10":{"name":"(anonymous_10)","decl":{"start":{"line":69,"column":31},"end":{"line":69,"column":32}},"loc":{"start":{"line":69,"column":48},"end":{"line":83,"column":1}},"line":69}},"branchMap":{"0":{"loc":{"start":{"line":25,"column":4},"end":{"line":25,"column":66}},"type":"if","locations":[{"start":{"line":25,"column":4},"end":{"line":25,"column":66}},{"start":{},"end":{}}],"line":25},"1":{"loc":{"start":{"line":26,"column":11},"end":{"line":26,"column":48}},"type":"binary-expr","locations":[{"start":{"line":26,"column":11},"end":{"line":26,"column":25}},{"start":{"line":26,"column":29},"end":{"line":26,"column":48}}],"line":26},"2":{"loc":{"start":{"line":31,"column":6},"end":{"line":34,"column":22}},"type":"binary-expr","locations":[{"start":{"line":31,"column":6},"end":{"line":31,"column":23}},{"start":{"line":32,"column":6},"end":{"line":32,"column":25}},{"start":{"line":33,"column":6},"end":{"line":33,"column":25}},{"start":{"line":34,"column":6},"end":{"line":34,"column":22}}],"line":31},"3":{"loc":{"start":{"line":45,"column":2},"end":{"line":47,"column":3}},"type":"if","locations":[{"start":{"line":45,"column":2},"end":{"line":47,"column":3}},{"start":{},"end":{}}],"line":45},"4":{"loc":{"start":{"line":45,"column":6},"end":{"line":45,"column":41}},"type":"binary-expr","locations":[{"start":{"line":45,"column":6},"end":{"line":45,"column":12}},{"start":{"line":45,"column":16},"end":{"line":45,"column":41}}],"line":45},"5":{"loc":{"start":{"line":52,"column":4},"end":{"line":55,"column":5}},"type":"if","locations":[{"start":{"line":52,"column":4},"end":{"line":55,"column":5}},{"start":{},"end":{}}],"line":52},"6":{"loc":{"start":{"line":57,"column":20},"end":{"line":59,"column":32}},"type":"cond-expr","locations":[{"start":{"line":58,"column":8},"end":{"line":58,"column":35}},{"start":{"line":59,"column":8},"end":{"line":59,"column":32}}],"line":57},"7":{"loc":{"start":{"line":61,"column":4},"end":{"line":63,"column":5}},"type":"if","locations":[{"start":{"line":61,"column":4},"end":{"line":63,"column":5}},{"start":{},"end":{}}],"line":61},"8":{"loc":{"start":{"line":82,"column":9},"end":{"line":82,"column":45}},"type":"binary-expr","locations":[{"start":{"line":82,"column":9},"end":{"line":82,"column":23}},{"start":{"line":82,"column":27},"end":{"line":82,"column":45}}],"line":82}},"s":{"0":0,"1":0,"2":0,"3":0,"4":0,"5":0,"6":0,"7":0,"8":0,"9":0,"10":0,"11":0,"12":0,"13":0,"14":0,"15":0,"16":0,"17":0,"18":0,"19":0,"20":0,"21":0,"22":0,"23":0,"24":0,"25":0,"26":0,"27":0,"28":0,"29":0,"30":0,"31":0,"32":0},"f":{"0":0,"1":0,"2":0,"3":0,"4":0,"5":0,"6":0,"7":0,"8":0,"9":0,"10":0},"b":{"0":[0,0],"1":[0,0],"2":[0,0,0,0],"3":[0,0],"4":[0,0],"5":[0,0],"6":[0,0],"7":[0,0],"8":[0,0]}}
}
