TN:
SF:components\Button.js
FN:5,Button
FN:56,(anonymous_1)
FNF:2
FNH:2
FNDA:10,Button
FNDA:10,(anonymous_1)
DA:18,10
DA:19,10
DA:20,10
DA:22,10
DA:28,10
DA:34,10
DA:56,2
DA:57,10
LF:8
LH:8
BRDA:8,0,0,5
BRDA:9,1,0,9
BRDA:10,2,0,9
BRDA:14,3,0,10
BRDA:19,4,0,0
BRDA:19,4,1,10
BRDA:37,5,0,10
BRDA:37,5,1,9
BRDA:39,6,0,10
BRDA:39,6,1,1
BRDA:45,7,0,10
BRDA:45,7,1,9
BRDA:48,8,0,10
BRDA:48,8,1,0
BRDA:49,9,0,10
BRDA:49,9,1,9
BRDA:50,10,0,10
BRDA:50,10,1,1
BRF:18
BRH:16
end_of_record
TN:
SF:components\Card.js
FN:5,Card
FN:47,(anonymous_1)
FNF:2
FNH:0
FNDA:0,Card
FNDA:0,(anonymous_1)
DA:15,0
DA:16,0
DA:17,0
DA:19,0
DA:20,0
DA:35,0
DA:47,0
LF:7
LH:0
BRDA:9,0,0,0
BRDA:11,1,0,0
BRDA:13,2,0,0
BRDA:16,3,0,0
BRDA:16,3,1,0
BRDA:19,4,0,0
BRDA:19,4,1,0
BRF:7
BRH:0
end_of_record
TN:
SF:components\EmptyState.js
FN:6,EmptyState
FN:30,(anonymous_1)
FNF:2
FNH:0
FNDA:0,EmptyState
FNDA:0,(anonymous_1)
DA:12,0
DA:13,0
DA:14,0
DA:16,0
DA:30,0
DA:31,0
LF:6
LH:0
BRDA:7,0,0,0
BRDA:8,1,0,0
BRDA:13,2,0,0
BRDA:13,2,1,0
BRDA:21,3,0,0
BRDA:21,3,1,0
BRF:6
BRH:0
end_of_record
TN:
SF:components\ErrorBoundary.js
FN:6,(anonymous_0)
FN:11,(anonymous_1)
FN:15,(anonymous_2)
FN:19,(anonymous_3)
FN:23,(anonymous_4)
FN:37,ErrorFallback
FN:55,(anonymous_6)
FNF:7
FNH:0
FNDA:0,(anonymous_0)
FNDA:0,(anonymous_1)
FNDA:0,(anonymous_2)
FNDA:0,(anonymous_3)
FNDA:0,(anonymous_4)
FNDA:0,ErrorFallback
FNDA:0,(anonymous_6)
DA:7,0
DA:8,0
DA:12,0
DA:16,0
DA:19,0
DA:20,0
DA:24,0
DA:25,0
DA:33,0
DA:38,0
DA:39,0
DA:40,0
DA:42,0
DA:55,0
DA:56,0
LF:15
LH:0
BRDA:24,0,0,0
BRDA:24,0,1,0
BRDA:38,1,0,0
BRDA:38,1,1,0
BRDA:39,2,0,0
BRDA:39,2,1,0
BRDA:46,3,0,0
BRDA:46,3,1,0
BRF:8
BRH:0
end_of_record
TN:
SF:components\ErrorState.js
FN:7,ErrorState
FN:48,(anonymous_1)
FNF:2
FNH:2
FNDA:4,ErrorState
FNDA:4,(anonymous_1)
DA:14,4
DA:15,4
DA:16,4
DA:19,4
DA:33,4
DA:34,0
DA:41,4
DA:48,1
DA:49,4
LF:9
LH:8
BRDA:8,0,0,0
BRDA:10,1,0,4
BRDA:12,2,0,4
BRDA:15,3,0,0
BRDA:15,3,1,4
BRDA:22,4,0,4
BRDA:22,4,1,2
BRDA:33,5,0,0
BRDA:33,5,1,4
BRF:9
BRH:6
end_of_record
TN:
SF:components\FilterChip.js
FN:5,FilterChip
FN:35,(anonymous_1)
FNF:2
FNH:2
FNDA:5,FilterChip
FNDA:5,(anonymous_1)
DA:13,5
DA:14,5
DA:15,5
DA:17,5
DA:35,1
DA:36,5
LF:6
LH:6
BRDA:7,0,0,0
BRDA:10,1,0,5
BRDA:14,2,0,0
BRDA:14,2,1,5
BRDA:19,3,0,5
BRDA:19,3,1,1
BRDA:24,4,0,5
BRDA:24,4,1,4
BRDA:28,5,0,5
BRDA:28,5,1,1
BRF:10
BRH:8
end_of_record
TN:
SF:components\Header.js
FN:7,Header
FN:59,(anonymous_1)
FNF:2
FNH:0
FNDA:0,Header
FNDA:0,(anonymous_1)
DA:16,0
DA:17,0
DA:18,0
DA:21,0
DA:40,0
DA:41,0
DA:52,0
DA:59,0
DA:60,0
LF:9
LH:0
BRDA:12,0,0,0
BRDA:17,1,0,0
BRDA:17,1,1,0
BRDA:23,2,0,0
BRDA:23,2,1,0
BRDA:24,3,0,0
BRDA:24,3,1,0
BRDA:26,4,0,0
BRDA:26,4,1,0
BRDA:40,5,0,0
BRDA:40,5,1,0
BRF:11
BRH:0
end_of_record
TN:
SF:components\LazyImage.js
FN:5,LazyImage
FN:19,(anonymous_1)
FN:20,(anonymous_2)
FN:21,(anonymous_3)
FN:56,(anonymous_4)
FNF:5
FNH:0
FNDA:0,LazyImage
FNDA:0,(anonymous_1)
FNDA:0,(anonymous_2)
FNDA:0,(anonymous_3)
FNDA:0,(anonymous_4)
DA:13,0
DA:14,0
DA:15,0
DA:16,0
DA:17,0
DA:19,0
DA:20,0
DA:21,0
DA:22,0
DA:23,0
DA:26,0
DA:27,0
DA:34,0
DA:56,0
DA:57,0
LF:15
LH:0
BRDA:8,0,0,0
BRDA:10,1,0,0
BRDA:16,2,0,0
BRDA:16,2,1,0
BRDA:26,3,0,0
BRDA:26,3,1,0
BRDA:47,4,0,0
BRDA:47,4,1,0
BRF:8
BRH:0
end_of_record
TN:
SF:components\LoadingSpinner.js
FN:5,LoadingSpinner
FN:40,(anonymous_1)
FNF:2
FNH:2
FNDA:8,LoadingSpinner
FNDA:8,(anonymous_1)
DA:11,8
DA:12,8
DA:13,8
DA:16,8
DA:29,0
DA:30,0
DA:37,0
DA:40,1
DA:41,8
LF:9
LH:6
BRDA:6,0,0,6
BRDA:8,1,0,8
BRDA:12,2,0,0
BRDA:12,2,1,8
BRDA:25,3,0,0
BRDA:25,3,1,0
BRDA:29,4,0,0
BRDA:29,4,1,0
BRF:8
BRH:3
end_of_record
TN:
SF:components\NewsCardSkeleton.js
FN:5,NewsCardSkeleton
FN:11,(anonymous_1)
FN:48,(anonymous_2)
FNF:3
FNH:0
FNDA:0,NewsCardSkeleton
FNDA:0,(anonymous_1)
FNDA:0,(anonymous_2)
DA:6,0
DA:7,0
DA:8,0
DA:9,0
DA:11,0
DA:12,0
DA:28,0
DA:33,0
DA:48,0
DA:49,0
LF:10
LH:0
BRDA:7,0,0,0
BRDA:7,0,1,0
BRF:2
BRH:0
end_of_record
TN:
SF:components\SearchInput.js
FN:7,SearchInput
FN:23,(anonymous_1)
FN:29,(anonymous_2)
FN:66,(anonymous_3)
FNF:4
FNH:3
FNDA:6,SearchInput
FNDA:4,(anonymous_1)
FNDA:0,(anonymous_2)
FNDA:6,(anonymous_3)
DA:17,6
DA:18,6
DA:19,6
DA:20,6
DA:21,6
DA:23,6
DA:24,4
DA:25,4
DA:29,6
DA:30,0
DA:31,0
DA:32,0
DA:36,6
DA:66,1
DA:67,6
LF:15
LH:12
BRDA:8,0,0,0
BRDA:11,1,0,6
BRDA:20,2,0,0
BRDA:20,2,1,6
BRDA:24,3,0,4
BRDA:24,3,1,0
BRDA:31,4,0,0
BRDA:31,4,1,0
BRDA:51,5,0,6
BRDA:51,5,1,2
BRDA:51,5,2,2
BRF:11
BRH:6
end_of_record
TN:
SF:components\index.js
FNF:0
FNH:0
LF:0
LH:0
BRF:0
BRH:0
end_of_record
TN:
SF:hooks\index.js
FNF:0
FNH:0
LF:0
LH:0
BRF:0
BRH:0
end_of_record
TN:
SF:hooks\useApi.js
FN:5,useApi
FN:13,(anonymous_1)
FN:46,(anonymous_2)
FN:52,(anonymous_3)
FN:54,(anonymous_4)
FNF:5
FNH:0
FNDA:0,useApi
FNDA:0,(anonymous_1)
FNDA:0,(anonymous_2)
FNDA:0,(anonymous_3)
FNDA:0,(anonymous_4)
DA:6,0
DA:7,0
DA:8,0
DA:9,0
DA:10,0
DA:12,0
DA:14,0
DA:15,0
DA:16,0
DA:18,0
DA:19,0
DA:20,0
DA:21,0
DA:22,0
DA:23,0
DA:27,0
DA:28,0
DA:30,0
DA:31,0
DA:34,0
DA:36,0
DA:37,0
DA:38,0
DA:40,0
DA:46,0
DA:47,0
DA:48,0
DA:52,0
DA:54,0
DA:55,0
DA:56,0
DA:58,0
DA:61,0
LF:33
LH:0
BRDA:5,0,0,0
BRDA:6,1,0,0
BRDA:6,2,0,0
BRDA:18,3,0,0
BRDA:18,3,1,0
BRDA:18,4,0,0
BRDA:18,4,1,0
BRDA:20,5,0,0
BRDA:20,5,1,0
BRDA:30,6,0,0
BRDA:30,6,1,0
BRDA:30,7,0,0
BRDA:30,7,1,0
BRDA:36,8,0,0
BRDA:36,8,1,0
BRDA:47,9,0,0
BRDA:47,9,1,0
BRDA:55,10,0,0
BRDA:55,10,1,0
BRDA:55,11,0,0
BRDA:55,11,1,0
BRF:21
BRH:0
end_of_record
TN:
SF:hooks\useApp.js
FN:4,useApp
FNF:1
FNH:0
FNDA:0,useApp
DA:5,0
DA:7,0
DA:8,0
DA:11,0
LF:4
LH:0
BRDA:7,0,0,0
BRDA:7,0,1,0
BRF:2
BRH:0
end_of_record
TN:
SF:hooks\useCache.js
FN:4,useCache
FNF:1
FNH:0
FNDA:0,useCache
DA:5,0
DA:7,0
DA:8,0
DA:11,0
LF:4
LH:0
BRDA:7,0,0,0
BRDA:7,0,1,0
BRF:2
BRH:0
end_of_record
TN:
SF:hooks\useDebounce.js
FN:3,useDebounce
FN:6,(anonymous_1)
FN:7,(anonymous_2)
FN:11,(anonymous_3)
FNF:4
FNH:3
FNDA:6,useDebounce
FNDA:6,(anonymous_1)
FNDA:0,(anonymous_2)
FNDA:6,(anonymous_3)
DA:4,6
DA:6,6
DA:7,6
DA:8,0
DA:11,6
DA:14,6
LF:6
LH:5
BRDA:3,0,0,0
BRF:1
BRH:0
end_of_record
TN:
SF:hooks\useTheme.js
FN:4,useTheme
FNF:1
FNH:0
FNDA:0,useTheme
DA:5,0
DA:6,0
DA:7,0
DA:9,0
LF:4
LH:0
BRDA:7,0,0,0
BRDA:7,0,1,0
BRF:2
BRH:0
end_of_record
TN:
SF:screens\ChatbotScreen.js
FN:24,ChatbotScreen
FN:41,(anonymous_1)
FN:47,(anonymous_2)
FN:52,(anonymous_3)
FN:53,(anonymous_4)
FN:58,(anonymous_5)
FN:72,(anonymous_6)
FN:80,(anonymous_7)
FN:94,(anonymous_8)
FN:103,(anonymous_9)
FN:123,(anonymous_10)
FN:133,(anonymous_11)
FN:148,(anonymous_12)
FN:168,(anonymous_13)
FN:174,(anonymous_14)
FN:210,(anonymous_15)
FN:213,(anonymous_16)
FN:252,(anonymous_17)
FN:256,(anonymous_18)
FN:340,getStyles
FNF:20
FNH:0
FNDA:0,ChatbotScreen
FNDA:0,(anonymous_1)
FNDA:0,(anonymous_2)
FNDA:0,(anonymous_3)
FNDA:0,(anonymous_4)
FNDA:0,(anonymous_5)
FNDA:0,(anonymous_6)
FNDA:0,(anonymous_7)
FNDA:0,(anonymous_8)
FNDA:0,(anonymous_9)
FNDA:0,(anonymous_10)
FNDA:0,(anonymous_11)
FNDA:0,(anonymous_12)
FNDA:0,(anonymous_13)
FNDA:0,(anonymous_14)
FNDA:0,(anonymous_15)
FNDA:0,(anonymous_16)
FNDA:0,(anonymous_17)
FNDA:0,(anonymous_18)
FNDA:0,getStyles
DA:21,0
DA:22,0
DA:25,0
DA:26,0
DA:27,0
DA:35,0
DA:36,0
DA:37,0
DA:38,0
DA:41,0
DA:42,0
DA:43,0
DA:47,0
DA:48,0
DA:52,0
DA:53,0
DA:54,0
DA:58,0
DA:59,0
DA:60,0
DA:61,0
DA:62,0
DA:63,0
DA:64,0
DA:68,0
DA:72,0
DA:73,0
DA:74,0
DA:76,0
DA:80,0
DA:81,0
DA:82,0
DA:83,0
DA:84,0
DA:85,0
DA:87,0
DA:89,0
DA:90,0
DA:94,0
DA:95,0
DA:104,0
DA:105,0
DA:106,0
DA:115,0
DA:123,0
DA:124,0
DA:126,0
DA:133,0
DA:134,0
DA:135,0
DA:137,0
DA:138,0
DA:140,0
DA:148,0
DA:150,0
DA:152,0
DA:154,0
DA:155,0
DA:156,0
DA:157,0
DA:160,0
DA:168,0
DA:170,0
DA:174,0
DA:175,0
DA:184,0
DA:186,0
DA:210,0
DA:214,0
DA:253,0
DA:256,0
DA:341,0
LF:72
LH:0
BRDA:26,0,0,0
BRDA:26,0,1,0
BRDA:61,1,0,0
BRDA:61,1,1,0
BRDA:63,2,0,0
BRDA:63,2,1,0
BRDA:83,3,0,0
BRDA:83,3,1,0
BRDA:124,4,0,0
BRDA:124,4,1,0
BRDA:124,5,0,0
BRDA:124,5,1,0
BRDA:142,6,0,0
BRDA:142,6,1,0
BRDA:142,6,2,0
BRDA:145,7,0,0
BRDA:145,7,1,0
BRDA:154,8,0,0
BRDA:154,8,1,0
BRDA:156,9,0,0
BRDA:156,9,1,0
BRDA:189,10,0,0
BRDA:189,10,1,0
BRDA:190,11,0,0
BRDA:190,11,1,0
BRDA:218,12,0,0
BRDA:218,12,1,0
BRDA:221,13,0,0
BRDA:221,13,1,0
BRDA:229,14,0,0
BRDA:229,14,1,0
BRDA:231,15,0,0
BRDA:231,15,1,0
BRDA:239,16,0,0
BRDA:239,16,1,0
BRDA:239,17,0,0
BRDA:239,17,1,0
BRDA:247,18,0,0
BRDA:247,18,1,0
BRDA:247,18,2,0
BRDA:277,19,0,0
BRDA:277,19,1,0
BRDA:285,20,0,0
BRDA:285,20,1,0
BRDA:320,21,0,0
BRDA:320,21,1,0
BRDA:320,22,0,0
BRDA:320,22,1,0
BRDA:323,23,0,0
BRDA:323,23,1,0
BRDA:326,24,0,0
BRDA:326,24,1,0
BRDA:331,25,0,0
BRDA:331,25,1,0
BRDA:331,26,0,0
BRDA:331,26,1,0
BRF:56
BRH:0
end_of_record
TN:
SF:screens\FAQsScreen.js
FN:14,FAQsScreen
FN:62,(anonymous_1)
FN:77,(anonymous_2)
FN:84,(anonymous_3)
FN:107,getStyles
FNF:5
FNH:0
FNDA:0,FAQsScreen
FNDA:0,(anonymous_1)
FNDA:0,(anonymous_2)
FNDA:0,(anonymous_3)
FNDA:0,getStyles
DA:15,0
DA:16,0
DA:17,0
DA:19,0
DA:62,0
DA:63,0
DA:66,0
DA:68,0
DA:78,0
DA:84,0
DA:108,0
LF:11
LH:0
BRDA:16,0,0,0
BRDA:16,0,1,0
BRDA:63,1,0,0
BRDA:63,1,1,0
BRDA:82,2,0,0
BRDA:82,2,1,0
BRDA:90,3,0,0
BRDA:90,3,1,0
BRDA:95,4,0,0
BRDA:95,4,1,0
BRF:10
BRH:0
end_of_record
TN:
SF:screens\FindOfficesScreen.js
FN:21,FindOfficesScreen
FN:32,(anonymous_1)
FN:36,(anonymous_2)
FN:45,(anonymous_3)
FN:55,(anonymous_4)
FN:61,(anonymous_5)
FN:70,(anonymous_6)
FN:79,(anonymous_7)
FN:87,(anonymous_8)
FN:109,(anonymous_9)
FN:117,(anonymous_10)
FN:170,(anonymous_11)
FN:179,(anonymous_12)
FN:216,(anonymous_13)
FN:219,(anonymous_14)
FN:255,(anonymous_15)
FN:267,(anonymous_16)
FN:286,getStyles
FNF:18
FNH:0
FNDA:0,FindOfficesScreen
FNDA:0,(anonymous_1)
FNDA:0,(anonymous_2)
FNDA:0,(anonymous_3)
FNDA:0,(anonymous_4)
FNDA:0,(anonymous_5)
FNDA:0,(anonymous_6)
FNDA:0,(anonymous_7)
FNDA:0,(anonymous_8)
FNDA:0,(anonymous_9)
FNDA:0,(anonymous_10)
FNDA:0,(anonymous_11)
FNDA:0,(anonymous_12)
FNDA:0,(anonymous_13)
FNDA:0,(anonymous_14)
FNDA:0,(anonymous_15)
FNDA:0,(anonymous_16)
FNDA:0,getStyles
DA:22,0
DA:23,0
DA:24,0
DA:25,0
DA:26,0
DA:27,0
DA:28,0
DA:29,0
DA:30,0
DA:32,0
DA:33,0
DA:36,0
DA:37,0
DA:38,0
DA:39,0
DA:40,0
DA:41,0
DA:42,0
DA:45,0
DA:46,0
DA:48,0
DA:49,0
DA:51,0
DA:55,0
DA:56,0
DA:57,0
DA:58,0
DA:61,0
DA:63,0
DA:65,0
DA:66,0
DA:70,0
DA:71,0
DA:72,0
DA:73,0
DA:75,0
DA:76,0
DA:79,0
DA:80,0
DA:81,0
DA:82,0
DA:84,0
DA:87,0
DA:88,0
DA:89,0
DA:90,0
DA:93,0
DA:94,0
DA:97,0
DA:102,0
DA:108,0
DA:110,0
DA:111,0
DA:114,0
DA:118,0
DA:119,0
DA:123,0
DA:125,0
DA:126,0
DA:133,0
DA:134,0
DA:144,0
DA:171,0
DA:179,0
DA:217,0
DA:220,0
DA:255,0
DA:267,0
DA:287,0
LF:69
LH:0
BRDA:23,0,0,0
BRDA:23,0,1,0
BRDA:41,1,0,0
BRDA:41,1,1,0
BRDA:41,2,0,0
BRDA:41,2,1,0
BRDA:49,3,0,0
BRDA:49,3,1,0
BRDA:63,4,0,0
BRDA:63,4,1,0
BRDA:65,5,0,0
BRDA:65,5,1,0
BRDA:66,6,0,0
BRDA:66,6,1,0
BRDA:71,7,0,0
BRDA:71,7,1,0
BRDA:72,8,0,0
BRDA:72,8,1,0
BRDA:80,9,0,0
BRDA:80,9,1,0
BRDA:88,10,0,0
BRDA:88,10,1,0
BRDA:88,11,0,0
BRDA:88,11,1,0
BRDA:88,11,2,0
BRDA:94,12,0,0
BRDA:94,12,1,0
BRDA:110,13,0,0
BRDA:110,13,1,0
BRDA:125,14,0,0
BRDA:125,14,1,0
BRDA:133,15,0,0
BRDA:133,15,1,0
BRDA:175,16,0,0
BRDA:175,16,1,0
BRDA:184,17,0,0
BRDA:184,17,1,0
BRDA:207,18,0,0
BRDA:207,18,1,0
BRDA:212,19,0,0
BRDA:212,19,1,0
BRDA:220,20,0,0
BRDA:220,20,1,0
BRDA:237,21,0,0
BRDA:237,21,1,0
BRDA:244,22,0,0
BRDA:244,22,1,0
BRDA:252,23,0,0
BRDA:252,23,1,0
BRDA:264,24,0,0
BRDA:264,24,1,0
BRF:51
BRH:0
end_of_record
TN:
SF:screens\HomeScreen.js
FN:26,HomeScreen
FN:32,(anonymous_1)
FN:36,(anonymous_2)
FN:81,(anonymous_3)
FN:88,(anonymous_4)
FN:95,(anonymous_5)
FN:102,(anonymous_6)
FN:109,(anonymous_7)
FN:116,(anonymous_8)
FN:123,(anonymous_9)
FN:129,(anonymous_10)
FN:130,(anonymous_11)
FN:133,(anonymous_12)
FN:143,(anonymous_13)
FN:200,(anonymous_14)
FN:220,(anonymous_15)
FN:227,(anonymous_16)
FN:244,(anonymous_17)
FN:261,(anonymous_18)
FN:265,(anonymous_19)
FN:279,(anonymous_20)
FN:305,getStyles
FNF:22
FNH:0
FNDA:0,HomeScreen
FNDA:0,(anonymous_1)
FNDA:0,(anonymous_2)
FNDA:0,(anonymous_3)
FNDA:0,(anonymous_4)
FNDA:0,(anonymous_5)
FNDA:0,(anonymous_6)
FNDA:0,(anonymous_7)
FNDA:0,(anonymous_8)
FNDA:0,(anonymous_9)
FNDA:0,(anonymous_10)
FNDA:0,(anonymous_11)
FNDA:0,(anonymous_12)
FNDA:0,(anonymous_13)
FNDA:0,(anonymous_14)
FNDA:0,(anonymous_15)
FNDA:0,(anonymous_16)
FNDA:0,(anonymous_17)
FNDA:0,(anonymous_18)
FNDA:0,(anonymous_19)
FNDA:0,(anonymous_20)
FNDA:0,getStyles
DA:24,0
DA:27,0
DA:28,0
DA:29,0
DA:30,0
DA:32,0
DA:33,0
DA:36,0
DA:37,0
DA:40,0
DA:61,0
DA:81,0
DA:88,0
DA:95,0
DA:102,0
DA:109,0
DA:116,0
DA:123,0
DA:127,0
DA:129,0
DA:130,0
DA:133,0
DA:134,0
DA:135,0
DA:138,0
DA:139,0
DA:144,0
DA:178,0
DA:200,0
DA:221,0
DA:222,0
DA:223,0
DA:228,0
DA:245,0
DA:262,0
DA:263,0
DA:266,0
DA:280,0
DA:306,0
DA:502,0
LF:40
LH:0
BRDA:26,0,0,0
BRDA:138,1,0,0
BRDA:138,1,1,0
BRDA:160,2,0,0
BRDA:160,2,1,0
BRDA:249,3,0,0
BRDA:249,3,1,0
BRDA:262,4,0,0
BRDA:262,4,1,0
BRDA:279,5,0,0
BRDA:279,5,1,0
BRDA:279,5,2,0
BRDA:287,6,0,0
BRDA:287,6,1,0
BRF:14
BRH:0
end_of_record
TN:
SF:screens\MoreMenuScreen.js
FN:14,MoreMenuScreen
FN:60,(anonymous_1)
FN:64,(anonymous_2)
FN:79,getStyles
FNF:4
FNH:0
FNDA:0,MoreMenuScreen
FNDA:0,(anonymous_1)
FNDA:0,(anonymous_2)
FNDA:0,getStyles
DA:15,0
DA:16,0
DA:18,0
DA:49,0
DA:51,0
DA:61,0
DA:64,0
DA:80,0
DA:137,0
LF:9
LH:0
BRDA:16,0,0,0
BRDA:16,0,1,0
BRF:2
BRH:0
end_of_record
TN:
SF:screens\NewsDetailScreen.js
FN:14,NewsDetailScreen
FN:60,(anonymous_1)
FN:74,getStyles
FNF:3
FNH:0
FNDA:0,NewsDetailScreen
FNDA:0,(anonymous_1)
FNDA:0,getStyles
DA:15,0
DA:16,0
DA:17,0
DA:18,0
DA:20,0
DA:22,0
DA:61,0
DA:75,0
DA:76,0
DA:77,0
DA:79,0
DA:80,0
DA:81,0
DA:82,0
DA:84,0
DA:192,0
LF:16
LH:0
BRDA:16,0,0,0
BRDA:16,0,1,0
BRDA:56,1,0,0
BRDA:56,1,1,0
BRDA:56,1,2,0
BRDA:76,2,0,0
BRDA:76,2,1,0
BRDA:79,3,0,0
BRDA:79,3,1,0
BRDA:79,4,0,0
BRDA:79,4,1,0
BRDA:80,5,0,0
BRDA:80,5,1,0
BRDA:80,6,0,0
BRDA:80,6,1,0
BRDA:81,7,0,0
BRDA:81,7,1,0
BRDA:82,8,0,0
BRDA:82,8,1,0
BRDA:82,9,0,0
BRDA:82,9,1,0
BRDA:124,10,0,0
BRDA:124,10,1,0
BRDA:128,11,0,0
BRDA:128,11,1,0
BRDA:141,12,0,0
BRDA:141,12,1,0
BRDA:153,13,0,0
BRDA:153,13,1,0
BRDA:166,14,0,0
BRDA:166,14,1,0
BRDA:185,15,0,0
BRDA:185,15,1,0
BRF:33
BRH:0
end_of_record
TN:
SF:screens\NewsScreen.js
FN:96,(anonymous_0)
FN:97,(anonymous_1)
FN:101,NewsScreen
FN:108,(anonymous_3)
FN:108,(anonymous_4)
FN:114,(anonymous_5)
FN:120,(anonymous_6)
FN:125,(anonymous_7)
FN:135,(anonymous_8)
FN:160,(anonymous_9)
FN:174,(anonymous_10)
FN:179,(anonymous_11)
FN:206,(anonymous_12)
FN:211,(anonymous_13)
FN:251,getStyles
FNF:15
FNH:0
FNDA:0,(anonymous_0)
FNDA:0,(anonymous_1)
FNDA:0,NewsScreen
FNDA:0,(anonymous_3)
FNDA:0,(anonymous_4)
FNDA:0,(anonymous_5)
FNDA:0,(anonymous_6)
FNDA:0,(anonymous_7)
FNDA:0,(anonymous_8)
FNDA:0,(anonymous_9)
FNDA:0,(anonymous_10)
FNDA:0,(anonymous_11)
FNDA:0,(anonymous_12)
FNDA:0,(anonymous_13)
FNDA:0,getStyles
DA:24,0
DA:26,0
DA:96,0
DA:97,0
DA:98,0
DA:102,0
DA:103,0
DA:104,0
DA:105,0
DA:107,0
DA:108,0
DA:112,0
DA:114,0
DA:115,0
DA:116,0
DA:119,0
DA:120,0
DA:124,0
DA:125,0
DA:126,0
DA:132,0
DA:135,0
DA:136,0
DA:139,0
DA:142,0
DA:143,0
DA:152,0
DA:153,0
DA:155,0
DA:160,0
DA:175,0
DA:179,0
DA:207,0
DA:211,0
DA:247,0
DA:252,0
DA:328,0
LF:37
LH:0
BRDA:107,0,0,0
BRDA:112,1,0,0
BRDA:112,1,1,0
BRDA:112,2,0,0
BRDA:112,2,1,0
BRDA:115,3,0,0
BRDA:115,3,1,0
BRDA:115,4,0,0
BRDA:115,4,1,0
BRDA:119,5,0,0
BRDA:119,5,1,0
BRDA:124,6,0,0
BRDA:124,6,1,0
BRDA:126,7,0,0
BRDA:126,7,1,0
BRDA:126,7,2,0
BRDA:142,8,0,0
BRDA:142,8,1,0
BRDA:142,9,0,0
BRDA:142,9,1,0
BRDA:142,9,2,0
BRDA:145,10,0,0
BRDA:145,10,1,0
BRDA:152,11,0,0
BRDA:152,11,1,0
BRDA:153,12,0,0
BRDA:153,12,1,0
BRDA:191,13,0,0
BRDA:191,13,1,0
BRDA:198,14,0,0
BRDA:198,14,1,0
BRDA:205,15,0,0
BRDA:205,15,1,0
BRDA:235,16,0,0
BRDA:235,16,1,0
BRDA:235,17,0,0
BRDA:235,17,1,0
BRF:37
BRH:0
end_of_record
TN:
SF:screens\SettingsScreen.js
FN:18,SettingsScreen
FN:24,(anonymous_1)
FN:29,(anonymous_2)
FN:34,(anonymous_3)
FN:49,(anonymous_4)
FN:104,(anonymous_5)
FN:112,(anonymous_6)
FN:123,(anonymous_7)
FN:127,(anonymous_8)
FN:168,getStyles
FNF:10
FNH:0
FNDA:0,SettingsScreen
FNDA:0,(anonymous_1)
FNDA:0,(anonymous_2)
FNDA:0,(anonymous_3)
FNDA:0,(anonymous_4)
FNDA:0,(anonymous_5)
FNDA:0,(anonymous_6)
FNDA:0,(anonymous_7)
FNDA:0,(anonymous_8)
FNDA:0,getStyles
DA:19,0
DA:20,0
DA:21,0
DA:22,0
DA:24,0
DA:26,0
DA:29,0
DA:30,0
DA:31,0
DA:34,0
DA:35,0
DA:36,0
DA:37,0
DA:38,0
DA:39,0
DA:41,0
DA:42,0
DA:45,0
DA:49,0
DA:50,0
DA:53,0
DA:59,0
DA:104,0
DA:112,0
DA:118,0
DA:120,0
DA:124,0
DA:128,0
DA:169,0
LF:29
LH:0
BRDA:20,0,0,0
BRDA:20,0,1,0
BRDA:35,1,0,0
BRDA:35,1,1,0
BRDA:37,2,0,0
BRDA:37,2,1,0
BRDA:132,3,0,0
BRDA:132,3,1,0
BRDA:133,4,0,0
BRDA:133,4,1,0
BRDA:142,5,0,0
BRDA:142,5,1,0
BRDA:147,6,0,0
BRDA:147,6,1,0
BRDA:150,7,0,0
BRDA:150,7,1,0
BRF:16
BRH:0
end_of_record
TN:
SF:screens\SplashScreen.js
FN:8,SplashScreen
FN:12,(anonymous_1)
FNF:2
FNH:0
FNDA:0,SplashScreen
FNDA:0,(anonymous_1)
DA:6,0
DA:9,0
DA:10,0
DA:12,0
DA:14,0
DA:29,0
DA:60,0
LF:7
LH:0
BRF:0
BRH:0
end_of_record
TN:
SF:screens\TendersScreen.js
FN:22,TendersScreen
FN:42,(anonymous_1)
FN:74,(anonymous_2)
FN:78,(anonymous_3)
FN:82,(anonymous_4)
FN:93,(anonymous_5)
FN:104,(anonymous_6)
FN:124,(anonymous_7)
FN:132,(anonymous_8)
FN:146,(anonymous_9)
FN:154,(anonymous_10)
FN:168,(anonymous_11)
FN:209,(anonymous_12)
FN:222,(anonymous_13)
FN:231,(anonymous_14)
FN:265,(anonymous_15)
FN:313,(anonymous_16)
FN:341,getStyles
FNF:18
FNH:0
FNDA:0,TendersScreen
FNDA:0,(anonymous_1)
FNDA:0,(anonymous_2)
FNDA:0,(anonymous_3)
FNDA:0,(anonymous_4)
FNDA:0,(anonymous_5)
FNDA:0,(anonymous_6)
FNDA:0,(anonymous_7)
FNDA:0,(anonymous_8)
FNDA:0,(anonymous_9)
FNDA:0,(anonymous_10)
FNDA:0,(anonymous_11)
FNDA:0,(anonymous_12)
FNDA:0,(anonymous_13)
FNDA:0,(anonymous_14)
FNDA:0,(anonymous_15)
FNDA:0,(anonymous_16)
FNDA:0,getStyles
DA:23,0
DA:24,0
DA:25,0
DA:26,0
DA:27,0
DA:28,0
DA:29,0
DA:30,0
DA:31,0
DA:33,0
DA:35,0
DA:42,0
DA:43,0
DA:44,0
DA:45,0
DA:47,0
DA:49,0
DA:51,0
DA:54,0
DA:55,0
DA:59,0
DA:60,0
DA:63,0
DA:64,0
DA:66,0
DA:67,0
DA:69,0
DA:70,0
DA:74,0
DA:75,0
DA:78,0
DA:79,0
DA:82,0
DA:83,0
DA:84,0
DA:85,0
DA:88,0
DA:89,0
DA:92,0
DA:93,0
DA:96,0
DA:97,0
DA:100,0
DA:105,0
DA:106,0
DA:110,0
DA:112,0
DA:118,0
DA:119,0
DA:124,0
DA:125,0
DA:126,0
DA:127,0
DA:132,0
DA:133,0
DA:134,0
DA:135,0
DA:136,0
DA:142,0
DA:146,0
DA:147,0
DA:148,0
DA:149,0
DA:151,0
DA:154,0
DA:155,0
DA:156,0
DA:158,0
DA:160,0
DA:162,0
DA:164,0
DA:168,0
DA:169,0
DA:170,0
DA:173,0
DA:175,0
DA:176,0
DA:183,0
DA:184,0
DA:194,0
DA:209,0
DA:223,0
DA:231,0
DA:266,0
DA:267,0
DA:313,0
DA:342,0
LF:87
LH:0
BRDA:24,0,0,0
BRDA:24,0,1,0
BRDA:42,1,0,0
BRDA:44,2,0,0
BRDA:44,2,1,0
BRDA:54,3,0,0
BRDA:54,3,1,0
BRDA:59,4,0,0
BRDA:59,4,1,0
BRDA:64,5,0,0
BRDA:64,5,1,0
BRDA:64,5,2,0
BRDA:67,6,0,0
BRDA:67,6,1,0
BRDA:83,7,0,0
BRDA:83,7,1,0
BRDA:88,8,0,0
BRDA:88,8,1,0
BRDA:96,9,0,0
BRDA:96,9,1,0
BRDA:121,10,0,0
BRDA:121,10,1,0
BRDA:133,11,0,0
BRDA:133,11,1,0
BRDA:147,12,0,0
BRDA:147,12,1,0
BRDA:148,13,0,0
BRDA:148,13,1,0
BRDA:156,14,0,0
BRDA:156,14,1,0
BRDA:156,14,2,0
BRDA:156,14,3,0
BRDA:169,15,0,0
BRDA:169,15,1,0
BRDA:175,16,0,0
BRDA:175,16,1,0
BRDA:175,17,0,0
BRDA:175,17,1,0
BRDA:183,18,0,0
BRDA:183,18,1,0
BRDA:183,19,0,0
BRDA:183,19,1,0
BRDA:208,20,0,0
BRDA:208,20,1,0
BRDA:227,21,0,0
BRDA:227,21,1,0
BRDA:236,22,0,0
BRDA:236,22,1,0
BRDA:259,23,0,0
BRDA:259,23,1,0
BRDA:262,24,0,0
BRDA:262,24,1,0
BRDA:262,25,0,0
BRDA:262,25,1,0
BRDA:275,26,0,0
BRDA:275,26,1,0
BRDA:286,27,0,0
BRDA:286,27,1,0
BRDA:298,28,0,0
BRDA:298,28,1,0
BRDA:311,29,0,0
BRDA:311,29,1,0
BRDA:316,30,0,0
BRDA:316,30,1,0
BRF:64
BRH:0
end_of_record
TN:
SF:screens\VacanciesScreen.js
FN:21,VacanciesScreen
FN:44,(anonymous_1)
FN:48,(anonymous_2)
FN:62,(anonymous_3)
FN:68,(anonymous_4)
FN:79,(anonymous_5)
FN:83,(anonymous_6)
FN:110,(anonymous_7)
FN:138,(anonymous_8)
FN:148,(anonymous_9)
FN:199,(anonymous_10)
FN:208,(anonymous_11)
FN:244,(anonymous_12)
FN:252,(anonymous_13)
FN:307,(anonymous_14)
FN:319,(anonymous_15)
FN:331,(anonymous_16)
FN:355,getStyles
FNF:18
FNH:0
FNDA:0,VacanciesScreen
FNDA:0,(anonymous_1)
FNDA:0,(anonymous_2)
FNDA:0,(anonymous_3)
FNDA:0,(anonymous_4)
FNDA:0,(anonymous_5)
FNDA:0,(anonymous_6)
FNDA:0,(anonymous_7)
FNDA:0,(anonymous_8)
FNDA:0,(anonymous_9)
FNDA:0,(anonymous_10)
FNDA:0,(anonymous_11)
FNDA:0,(anonymous_12)
FNDA:0,(anonymous_13)
FNDA:0,(anonymous_14)
FNDA:0,(anonymous_15)
FNDA:0,(anonymous_16)
FNDA:0,getStyles
DA:22,0
DA:23,0
DA:24,0
DA:25,0
DA:26,0
DA:27,0
DA:28,0
DA:29,0
DA:30,0
DA:31,0
DA:33,0
DA:36,0
DA:44,0
DA:45,0
DA:48,0
DA:49,0
DA:50,0
DA:51,0
DA:52,0
DA:53,0
DA:55,0
DA:56,0
DA:58,0
DA:62,0
DA:63,0
DA:64,0
DA:65,0
DA:68,0
DA:69,0
DA:73,0
DA:74,0
DA:76,0
DA:79,0
DA:80,0
DA:83,0
DA:84,0
DA:85,0
DA:86,0
DA:89,0
DA:90,0
DA:93,0
DA:94,0
DA:97,0
DA:102,0
DA:103,0
DA:111,0
DA:113,0
DA:114,0
DA:115,0
DA:117,0
DA:120,0
DA:121,0
DA:128,0
DA:131,0
DA:132,0
DA:134,0
DA:138,0
DA:139,0
DA:140,0
DA:141,0
DA:148,0
DA:149,0
DA:155,0
DA:158,0
DA:160,0
DA:161,0
DA:168,0
DA:169,0
DA:176,0
DA:200,0
DA:208,0
DA:245,0
DA:246,0
DA:247,0
DA:252,0
DA:308,0
DA:320,0
DA:331,0
DA:356,0
LF:79
LH:0
BRDA:23,0,0,0
BRDA:23,0,1,0
BRDA:69,1,0,0
BRDA:69,1,1,0
BRDA:69,1,2,0
BRDA:69,1,3,0
BRDA:69,1,4,0
BRDA:74,2,0,0
BRDA:74,2,1,0
BRDA:76,3,0,0
BRDA:76,3,1,0
BRDA:80,4,0,0
BRDA:80,4,1,0
BRDA:84,5,0,0
BRDA:84,5,1,0
BRDA:102,6,0,0
BRDA:102,6,1,0
BRDA:114,7,0,0
BRDA:114,7,1,0
BRDA:139,8,0,0
BRDA:139,8,1,0
BRDA:155,9,0,0
BRDA:155,9,1,0
BRDA:160,10,0,0
BRDA:160,10,1,0
BRDA:160,11,0,0
BRDA:160,11,1,0
BRDA:168,12,0,0
BRDA:168,12,1,0
BRDA:168,13,0,0
BRDA:168,13,1,0
BRDA:204,14,0,0
BRDA:204,14,1,0
BRDA:213,15,0,0
BRDA:213,15,1,0
BRDA:236,16,0,0
BRDA:236,16,1,0
BRDA:240,17,0,0
BRDA:240,17,1,0
BRDA:261,18,0,0
BRDA:261,18,1,0
BRDA:268,19,0,0
BRDA:268,19,1,0
BRDA:274,20,0,0
BRDA:274,20,1,0
BRDA:288,21,0,0
BRDA:288,21,1,0
BRDA:292,22,0,0
BRDA:292,22,1,0
BRDA:304,23,0,0
BRDA:304,23,1,0
BRDA:304,23,2,0
BRDA:316,24,0,0
BRDA:316,24,1,0
BRDA:316,24,2,0
BRDA:328,25,0,0
BRDA:328,25,1,0
BRDA:335,26,0,0
BRDA:335,26,1,0
BRDA:340,27,0,0
BRDA:340,27,1,0
BRF:61
BRH:0
end_of_record
TN:
SF:services\api.js
FN:7,(anonymous_0)
FN:24,(anonymous_1)
FN:34,(anonymous_2)
FN:56,(anonymous_3)
FN:60,(anonymous_4)
FN:64,(anonymous_5)
FN:68,(anonymous_6)
FN:74,(anonymous_7)
FN:84,(anonymous_8)
FN:86,(anonymous_9)
FN:88,(anonymous_10)
FN:90,(anonymous_11)
FN:92,(anonymous_12)
FNF:13
FNH:0
FNDA:0,(anonymous_0)
FNDA:0,(anonymous_1)
FNDA:0,(anonymous_2)
FNDA:0,(anonymous_3)
FNDA:0,(anonymous_4)
FNDA:0,(anonymous_5)
FNDA:0,(anonymous_6)
FNDA:0,(anonymous_7)
FNDA:0,(anonymous_8)
FNDA:0,(anonymous_9)
FNDA:0,(anonymous_10)
FNDA:0,(anonymous_11)
FNDA:0,(anonymous_12)
DA:3,0
DA:4,0
DA:8,0
DA:10,0
DA:18,0
DA:19,0
DA:22,0
DA:23,0
DA:24,0
DA:26,0
DA:31,0
DA:33,0
DA:34,0
DA:35,0
DA:42,0
DA:44,0
DA:45,0
DA:48,0
DA:49,0
DA:52,0
DA:57,0
DA:61,0
DA:65,0
DA:69,0
DA:75,0
DA:76,0
DA:77,0
DA:78,0
DA:82,0
DA:84,0
DA:86,0
DA:88,0
DA:90,0
DA:92,0
LF:34
LH:0
BRDA:7,0,0,0
BRDA:8,1,0,0
BRDA:8,2,0,0
BRDA:18,3,0,0
BRDA:18,3,1,0
BRDA:33,4,0,0
BRDA:33,4,1,0
BRDA:36,5,0,0
BRDA:36,5,1,0
BRDA:44,6,0,0
BRDA:44,6,1,0
BRDA:48,7,0,0
BRDA:48,7,1,0
BRDA:52,8,0,0
BRDA:52,8,1,0
BRDA:74,9,0,0
BRDA:74,10,0,0
BRF:17
BRH:0
end_of_record
TN:
SF:services\bannersService.js
FN:4,(anonymous_0)
FN:20,(anonymous_1)
FN:29,(anonymous_2)
FNF:3
FNH:1
FNDA:5,(anonymous_0)
FNDA:0,(anonymous_1)
FNDA:0,(anonymous_2)
DA:3,2
DA:5,5
DA:6,5
DA:7,5
DA:11,5
DA:14,3
DA:16,2
DA:21,0
DA:23,0
DA:25,0
DA:30,0
DA:31,0
DA:33,0
DA:35,0
LF:14
LH:7
BRDA:4,0,0,5
BRDA:7,1,0,0
BRDA:7,1,1,5
BRDA:14,2,0,3
BRDA:14,2,1,0
BRDA:33,3,0,0
BRDA:33,3,1,0
BRF:7
BRH:3
end_of_record
TN:
SF:services\chatbotService.js
FN:4,(anonymous_0)
FN:19,(anonymous_1)
FNF:2
FNH:1
FNDA:3,(anonymous_0)
FNDA:0,(anonymous_1)
DA:3,2
DA:5,3
DA:6,3
DA:11,3
DA:13,2
DA:15,1
DA:20,0
DA:21,0
DA:23,0
DA:25,0
LF:10
LH:6
BRDA:4,0,0,2
BRDA:8,1,0,3
BRDA:8,1,1,1
BRDA:13,2,0,2
BRDA:13,2,1,0
BRDA:23,3,0,0
BRDA:23,3,1,0
BRF:7
BRH:4
end_of_record
TN:
SF:services\faqsService.js
FN:4,(anonymous_0)
FN:17,(anonymous_1)
FN:25,(anonymous_2)
FNF:3
FNH:0
FNDA:0,(anonymous_0)
FNDA:0,(anonymous_1)
FNDA:0,(anonymous_2)
DA:3,0
DA:5,0
DA:6,0
DA:7,0
DA:11,0
DA:13,0
DA:18,0
DA:19,0
DA:21,0
DA:26,0
DA:27,0
DA:29,0
LF:12
LH:0
BRDA:4,0,0,0
BRDA:7,1,0,0
BRDA:7,1,1,0
BRF:3
BRH:0
end_of_record
TN:
SF:services\index.js
FNF:0
FNH:0
LF:0
LH:0
BRF:0
BRH:0
end_of_record
TN:
SF:services\locationsService.js
FN:4,(anonymous_0)
FN:19,(anonymous_1)
FN:29,(anonymous_2)
FN:37,(anonymous_3)
FNF:4
FNH:2
FNDA:7,(anonymous_0)
FNDA:0,(anonymous_1)
FNDA:2,(anonymous_2)
FNDA:0,(anonymous_3)
DA:3,2
DA:5,7
DA:6,7
DA:7,7
DA:11,7
DA:13,5
DA:15,2
DA:20,0
DA:21,0
DA:23,0
DA:25,0
DA:30,2
DA:31,2
DA:33,0
DA:38,0
DA:39,0
DA:41,0
LF:17
LH:9
BRDA:4,0,0,4
BRDA:7,1,0,3
BRDA:7,1,1,4
BRDA:13,2,0,5
BRDA:13,2,1,0
BRDA:23,3,0,0
BRDA:23,3,1,0
BRF:7
BRH:4
end_of_record
TN:
SF:services\newsService.js
FN:4,(anonymous_0)
FN:21,(anonymous_1)
FN:31,(anonymous_2)
FN:39,(anonymous_3)
FNF:4
FNH:4
FNDA:8,(anonymous_0)
FNDA:3,(anonymous_1)
FNDA:2,(anonymous_2)
FNDA:1,(anonymous_3)
DA:3,2
DA:5,8
DA:7,8
DA:8,8
DA:9,8
DA:13,8
DA:15,6
DA:17,2
DA:22,3
DA:23,3
DA:25,1
DA:27,2
DA:32,2
DA:33,2
DA:35,0
DA:40,1
DA:41,1
DA:43,0
LF:18
LH:16
BRDA:4,0,0,4
BRDA:9,1,0,8
BRDA:9,1,1,0
BRDA:15,2,0,6
BRDA:15,2,1,0
BRDA:25,3,0,1
BRDA:25,3,1,0
BRF:7
BRH:4
end_of_record
TN:
SF:services\officesService.js
FN:4,(anonymous_0)
FN:17,(anonymous_1)
FN:25,(anonymous_2)
FNF:3
FNH:0
FNDA:0,(anonymous_0)
FNDA:0,(anonymous_1)
FNDA:0,(anonymous_2)
DA:3,0
DA:5,0
DA:6,0
DA:7,0
DA:11,0
DA:13,0
DA:18,0
DA:19,0
DA:21,0
DA:26,0
DA:27,0
DA:29,0
LF:12
LH:0
BRDA:4,0,0,0
BRDA:7,1,0,0
BRDA:7,1,1,0
BRF:3
BRH:0
end_of_record
TN:
SF:services\tendersService.js
FN:4,(anonymous_0)
FN:21,(anonymous_1)
FN:31,(anonymous_2)
FN:39,(anonymous_3)
FN:47,(anonymous_4)
FNF:5
FNH:4
FNDA:7,(anonymous_0)
FNDA:3,(anonymous_1)
FNDA:1,(anonymous_2)
FNDA:2,(anonymous_3)
FNDA:0,(anonymous_4)
DA:3,2
DA:5,7
DA:7,7
DA:8,7
DA:9,7
DA:13,7
DA:15,5
DA:17,2
DA:22,3
DA:23,3
DA:25,1
DA:27,2
DA:32,1
DA:33,1
DA:35,0
DA:40,2
DA:41,2
DA:43,0
DA:48,0
DA:49,0
DA:51,0
LF:21
LH:16
BRDA:4,0,0,3
BRDA:9,1,0,7
BRDA:9,1,1,0
BRDA:15,2,0,5
BRDA:15,2,1,0
BRDA:25,3,0,1
BRDA:25,3,1,0
BRF:7
BRH:4
end_of_record
TN:
SF:services\vacanciesService.js
FN:4,(anonymous_0)
FN:21,(anonymous_1)
FN:31,(anonymous_2)
FN:39,(anonymous_3)
FN:47,(anonymous_4)
FN:55,(anonymous_5)
FNF:6
FNH:4
FNDA:7,(anonymous_0)
FNDA:1,(anonymous_1)
FNDA:1,(anonymous_2)
FNDA:2,(anonymous_3)
FNDA:0,(anonymous_4)
FNDA:0,(anonymous_5)
DA:3,2
DA:5,7
DA:7,7
DA:8,7
DA:9,7
DA:13,7
DA:15,5
DA:17,2
DA:22,1
DA:23,1
DA:25,1
DA:27,0
DA:32,1
DA:33,1
DA:35,0
DA:40,2
DA:41,2
DA:43,0
DA:48,0
DA:49,0
DA:51,0
DA:56,0
DA:57,0
DA:59,0
LF:24
LH:15
BRDA:4,0,0,3
BRDA:9,1,0,7
BRDA:9,1,1,0
BRDA:15,2,0,5
BRDA:15,2,1,0
BRDA:25,3,0,1
BRDA:25,3,1,0
BRF:7
BRH:4
end_of_record
TN:
SF:utils\imageOptimization.js
FN:2,(anonymous_0)
FN:13,(anonymous_1)
FN:17,(anonymous_2)
FN:24,(anonymous_3)
FNF:4
FNH:0
FNDA:0,(anonymous_0)
FNDA:0,(anonymous_1)
FNDA:0,(anonymous_2)
FNDA:0,(anonymous_3)
DA:1,0
DA:3,0
DA:4,0
DA:6,0
DA:7,0
DA:14,0
DA:18,0
DA:19,0
DA:21,0
DA:25,0
DA:26,0
LF:11
LH:0
BRDA:2,0,0,0
BRDA:3,1,0,0
BRDA:3,1,1,0
BRDA:13,2,0,0
BRDA:18,3,0,0
BRDA:18,3,1,0
BRDA:19,4,0,0
BRDA:19,4,1,0
BRF:8
BRH:0
end_of_record
TN:
SF:utils\index.js
FNF:0
FNH:0
LF:0
LH:0
BRF:0
BRH:0
end_of_record
TN:
SF:utils\validation.js
FN:2,(anonymous_0)
FN:7,(anonymous_1)
FN:12,(anonymous_2)
FN:21,(anonymous_3)
FN:22,(anonymous_4)
FN:24,(anonymous_5)
FN:29,(anonymous_6)
FN:38,(anonymous_7)
FN:39,(anonymous_8)
FN:42,(anonymous_9)
FN:69,(anonymous_10)
FNF:11
FNH:0
FNDA:0,(anonymous_0)
FNDA:0,(anonymous_1)
FNDA:0,(anonymous_2)
FNDA:0,(anonymous_3)
FNDA:0,(anonymous_4)
FNDA:0,(anonymous_5)
FNDA:0,(anonymous_6)
FNDA:0,(anonymous_7)
FNDA:0,(anonymous_8)
FNDA:0,(anonymous_9)
FNDA:0,(anonymous_10)
DA:1,0
DA:3,0
DA:4,0
DA:8,0
DA:9,0
DA:13,0
DA:14,0
DA:15,0
DA:17,0
DA:21,0
DA:22,0
DA:25,0
DA:26,0
DA:30,0
DA:38,0
DA:39,0
DA:42,0
DA:43,0
DA:45,0
DA:46,0
DA:49,0
DA:50,0
DA:52,0
DA:53,0
DA:54,0
DA:57,0
DA:61,0
DA:62,0
DA:66,0
DA:69,0
DA:70,0
DA:82,0
LF:32
LH:0
BRDA:25,0,0,0
BRDA:25,0,1,0
BRDA:26,1,0,0
BRDA:26,1,1,0
BRDA:31,2,0,0
BRDA:31,2,1,0
BRDA:31,2,2,0
BRDA:31,2,3,0
BRDA:45,3,0,0
BRDA:45,3,1,0
BRDA:45,4,0,0
BRDA:45,4,1,0
BRDA:52,5,0,0
BRDA:52,5,1,0
BRDA:57,6,0,0
BRDA:57,6,1,0
BRDA:61,7,0,0
BRDA:61,7,1,0
BRDA:82,8,0,0
BRDA:82,8,1,0
BRF:20
BRH:0
end_of_record
